2022-04-21 15:49:31.749  INFO 13232 --- [restartedMain] .e.DevToolsPropertyDefaultsPostProcessor : Devtools property defaults active! Set 'spring.devtools.add-properties' to 'false' to disable
2022-04-21 15:49:32.648  INFO 13232 --- [restartedMain] c.c.c.ConfigServicePropertySourceLocator : Fetching config from server at : http://localhost:8090
2022-04-21 15:49:34.059  INFO 13232 --- [restartedMain] c.c.c.ConfigServicePropertySourceLocator : Located environment: name=banking-payment-service, profiles=[default], label=null, version=dbc5e4dddacfe1eaf3c70a49735fef5dad989f75, state=null
2022-04-21 15:49:34.061  INFO 13232 --- [restartedMain] b.c.PropertySourceBootstrapConfiguration : Located property source: [BootstrapPropertySource {name='bootstrapProperties-configClient'}, BootstrapPropertySource {name='bootstrapProperties-https://github.com/JorgeEspinozaC2K/banking-config-data.git/file:C:\Users\jespcana\AppData\Local\Temp\config-repo-8153399672596870705\banking-payment-service.yml'}]
2022-04-21 15:49:34.076  INFO 13232 --- [restartedMain] b.p.s.a.BankingPaymentServiceApplication : No active profile set, falling back to 1 default profile: "default"
2022-04-21 15:49:34.936  INFO 13232 --- [restartedMain] .s.d.r.c.RepositoryConfigurationDelegate : Bootstrapping Spring Data Reactive MongoDB repositories in DEFAULT mode.
2022-04-21 15:49:35.100  INFO 13232 --- [restartedMain] .s.d.r.c.RepositoryConfigurationDelegate : Finished Spring Data repository scanning in 160 ms. Found 1 Reactive MongoDB repository interfaces.
2022-04-21 15:49:35.382  INFO 13232 --- [restartedMain] o.s.cloud.context.scope.GenericScope     : BeanFactory id=dc795c96-76b3-3472-b49d-393fc1a35bcc
2022-04-21 15:49:35.441  INFO 13232 --- [restartedMain] trationDelegate$BeanPostProcessorChecker : Bean 'org.springframework.cloud.client.loadbalancer.reactive.LoadBalancerBeanPostProcessorAutoConfiguration' of type [org.springframework.cloud.client.loadbalancer.reactive.LoadBalancerBeanPostProcessorAutoConfiguration] is not eligible for getting processed by all BeanPostProcessors (for example: not eligible for auto-proxying)
2022-04-21 15:49:35.442  INFO 13232 --- [restartedMain] trationDelegate$BeanPostProcessorChecker : Bean 'org.springframework.cloud.client.loadbalancer.reactive.LoadBalancerBeanPostProcessorAutoConfiguration$ReactorDeferringLoadBalancerFilterConfig' of type [org.springframework.cloud.client.loadbalancer.reactive.LoadBalancerBeanPostProcessorAutoConfiguration$ReactorDeferringLoadBalancerFilterConfig] is not eligible for getting processed by all BeanPostProcessors (for example: not eligible for auto-proxying)
2022-04-21 15:49:35.444  INFO 13232 --- [restartedMain] trationDelegate$BeanPostProcessorChecker : Bean 'reactorDeferringLoadBalancerExchangeFilterFunction' of type [org.springframework.cloud.client.loadbalancer.reactive.DeferringLoadBalancerExchangeFilterFunction] is not eligible for getting processed by all BeanPostProcessors (for example: not eligible for auto-proxying)
2022-04-21 15:49:35.603  WARN 13232 --- [restartedMain] onfigReactiveWebServerApplicationContext : Exception encountered during context initialization - cancelling refresh attempt: org.springframework.beans.factory.UnsatisfiedDependencyException: Error creating bean with name 'paymentController': Unsatisfied dependency expressed through field 'paymentService'; nested exception is org.springframework.beans.factory.NoSuchBeanDefinitionException: No qualifying bean of type 'com.banking.payment.service.app.service.PaymentService' available: expected at least 1 bean which qualifies as autowire candidate. Dependency annotations: {@org.springframework.beans.factory.annotation.Autowired(required=true)}
2022-04-21 15:49:35.620  INFO 13232 --- [restartedMain] ConditionEvaluationReportLoggingListener : 

Error starting ApplicationContext. To display the conditions report re-run your application with 'debug' enabled.
2022-04-21 15:49:35.644 ERROR 13232 --- [restartedMain] o.s.b.d.LoggingFailureAnalysisReporter   : 

***************************
APPLICATION FAILED TO START
***************************

Description:

Field paymentService in com.banking.payment.service.app.controller.PaymentController required a bean of type 'com.banking.payment.service.app.service.PaymentService' that could not be found.

The injection point has the following annotations:
	- @org.springframework.beans.factory.annotation.Autowired(required=true)


Action:

Consider defining a bean of type 'com.banking.payment.service.app.service.PaymentService' in your configuration.

2022-04-21 15:52:04.177  INFO 8136 --- [restartedMain] .e.DevToolsPropertyDefaultsPostProcessor : Devtools property defaults active! Set 'spring.devtools.add-properties' to 'false' to disable
2022-04-21 15:52:04.715  INFO 8136 --- [restartedMain] c.c.c.ConfigServicePropertySourceLocator : Fetching config from server at : http://localhost:8090
2022-04-21 15:52:05.982  INFO 8136 --- [restartedMain] c.c.c.ConfigServicePropertySourceLocator : Located environment: name=banking-payment-service, profiles=[default], label=null, version=dbc5e4dddacfe1eaf3c70a49735fef5dad989f75, state=null
2022-04-21 15:52:05.983  INFO 8136 --- [restartedMain] b.c.PropertySourceBootstrapConfiguration : Located property source: [BootstrapPropertySource {name='bootstrapProperties-configClient'}, BootstrapPropertySource {name='bootstrapProperties-https://github.com/JorgeEspinozaC2K/banking-config-data.git/file:C:\Users\jespcana\AppData\Local\Temp\config-repo-8153399672596870705\banking-payment-service.yml'}]
2022-04-21 15:52:05.995  INFO 8136 --- [restartedMain] b.p.s.a.BankingPaymentServiceApplication : No active profile set, falling back to 1 default profile: "default"
2022-04-21 15:52:06.604  INFO 8136 --- [restartedMain] .s.d.r.c.RepositoryConfigurationDelegate : Bootstrapping Spring Data Reactive MongoDB repositories in DEFAULT mode.
2022-04-21 15:52:06.730  INFO 8136 --- [restartedMain] .s.d.r.c.RepositoryConfigurationDelegate : Finished Spring Data repository scanning in 118 ms. Found 1 Reactive MongoDB repository interfaces.
2022-04-21 15:52:06.963  INFO 8136 --- [restartedMain] o.s.cloud.context.scope.GenericScope     : BeanFactory id=c8828084-5b1f-3859-9bc7-7e7bc2c4c928
2022-04-21 15:52:07.022  INFO 8136 --- [restartedMain] trationDelegate$BeanPostProcessorChecker : Bean 'org.springframework.cloud.client.loadbalancer.reactive.LoadBalancerBeanPostProcessorAutoConfiguration' of type [org.springframework.cloud.client.loadbalancer.reactive.LoadBalancerBeanPostProcessorAutoConfiguration] is not eligible for getting processed by all BeanPostProcessors (for example: not eligible for auto-proxying)
2022-04-21 15:52:07.023  INFO 8136 --- [restartedMain] trationDelegate$BeanPostProcessorChecker : Bean 'org.springframework.cloud.client.loadbalancer.reactive.LoadBalancerBeanPostProcessorAutoConfiguration$ReactorDeferringLoadBalancerFilterConfig' of type [org.springframework.cloud.client.loadbalancer.reactive.LoadBalancerBeanPostProcessorAutoConfiguration$ReactorDeferringLoadBalancerFilterConfig] is not eligible for getting processed by all BeanPostProcessors (for example: not eligible for auto-proxying)
2022-04-21 15:52:07.025  INFO 8136 --- [restartedMain] trationDelegate$BeanPostProcessorChecker : Bean 'reactorDeferringLoadBalancerExchangeFilterFunction' of type [org.springframework.cloud.client.loadbalancer.reactive.DeferringLoadBalancerExchangeFilterFunction] is not eligible for getting processed by all BeanPostProcessors (for example: not eligible for auto-proxying)
2022-04-21 15:52:09.537  INFO 8136 --- [restartedMain] org.mongodb.driver.cluster               : Cluster created with settings {hosts=[127.0.0.1:27017], srvHost=jespinoza.is5j4.mongodb.net, mode=MULTIPLE, requiredClusterType=REPLICA_SET, serverSelectionTimeout='30000 ms', requiredReplicaSetName='atlas-ob43re-shard-0'}
2022-04-21 15:52:11.680  INFO 8136 --- [cluster-ClusterId{value='6261c3f970e4312249f40743', description='null'}-srv-jespinoza.is5j4.mongodb.net] org.mongodb.driver.cluster               : Adding discovered server jespinoza-shard-00-01.is5j4.mongodb.net:27017 to client view of cluster
2022-04-21 15:52:11.710  INFO 8136 --- [cluster-ClusterId{value='6261c3f970e4312249f40743', description='null'}-srv-jespinoza.is5j4.mongodb.net] org.mongodb.driver.cluster               : Adding discovered server jespinoza-shard-00-02.is5j4.mongodb.net:27017 to client view of cluster
2022-04-21 15:52:11.711  INFO 8136 --- [cluster-ClusterId{value='6261c3f970e4312249f40743', description='null'}-srv-jespinoza.is5j4.mongodb.net] org.mongodb.driver.cluster               : Adding discovered server jespinoza-shard-00-00.is5j4.mongodb.net:27017 to client view of cluster
2022-04-21 15:52:11.824  WARN 8136 --- [restartedMain] o.s.data.convert.CustomConversions       : Registering converter from class java.time.LocalDateTime to class org.joda.time.LocalDateTime as reading converter although it doesn't convert from a store-supported type! You might want to check your annotation setup at the converter implementation.
2022-04-21 15:52:11.894  WARN 8136 --- [restartedMain] o.s.b.d.a.OptionalLiveReloadServer       : Unable to start LiveReload server
2022-04-21 15:52:11.934  WARN 8136 --- [restartedMain] o.s.data.convert.CustomConversions       : Registering converter from class java.time.LocalDateTime to class org.joda.time.LocalDateTime as reading converter although it doesn't convert from a store-supported type! You might want to check your annotation setup at the converter implementation.
2022-04-21 15:52:12.884  INFO 8136 --- [restartedMain] o.s.b.a.e.web.EndpointLinksResolver      : Exposing 17 endpoint(s) beneath base path '/actuator'
2022-04-21 15:52:13.252  INFO 8136 --- [cluster-rtt-ClusterId{value='6261c3f970e4312249f40743', description='null'}-jespinoza-shard-00-00.is5j4.mongodb.net:27017] org.mongodb.driver.connection            : Opened connection [connectionId{localValue:6, serverValue:211490}] to jespinoza-shard-00-00.is5j4.mongodb.net:27017
2022-04-21 15:52:13.252  INFO 8136 --- [cluster-ClusterId{value='6261c3f970e4312249f40743', description='null'}-jespinoza-shard-00-02.is5j4.mongodb.net:27017] org.mongodb.driver.connection            : Opened connection [connectionId{localValue:2, serverValue:214744}] to jespinoza-shard-00-02.is5j4.mongodb.net:27017
2022-04-21 15:52:13.252  INFO 8136 --- [cluster-rtt-ClusterId{value='6261c3f970e4312249f40743', description='null'}-jespinoza-shard-00-01.is5j4.mongodb.net:27017] org.mongodb.driver.connection            : Opened connection [connectionId{localValue:1, serverValue:211158}] to jespinoza-shard-00-01.is5j4.mongodb.net:27017
2022-04-21 15:52:13.252  INFO 8136 --- [cluster-ClusterId{value='6261c3f970e4312249f40743', description='null'}-jespinoza-shard-00-00.is5j4.mongodb.net:27017] org.mongodb.driver.connection            : Opened connection [connectionId{localValue:3, serverValue:211490}] to jespinoza-shard-00-00.is5j4.mongodb.net:27017
2022-04-21 15:52:13.252  INFO 8136 --- [cluster-rtt-ClusterId{value='6261c3f970e4312249f40743', description='null'}-jespinoza-shard-00-02.is5j4.mongodb.net:27017] org.mongodb.driver.connection            : Opened connection [connectionId{localValue:5, serverValue:214725}] to jespinoza-shard-00-02.is5j4.mongodb.net:27017
2022-04-21 15:52:13.252  INFO 8136 --- [cluster-ClusterId{value='6261c3f970e4312249f40743', description='null'}-jespinoza-shard-00-01.is5j4.mongodb.net:27017] org.mongodb.driver.connection            : Opened connection [connectionId{localValue:4, serverValue:211156}] to jespinoza-shard-00-01.is5j4.mongodb.net:27017
2022-04-21 15:52:13.253  INFO 8136 --- [cluster-ClusterId{value='6261c3f970e4312249f40743', description='null'}-jespinoza-shard-00-00.is5j4.mongodb.net:27017] org.mongodb.driver.cluster               : Monitor thread successfully connected to server with description ServerDescription{address=jespinoza-shard-00-00.is5j4.mongodb.net:27017, type=REPLICA_SET_SECONDARY, state=CONNECTED, ok=true, minWireVersion=0, maxWireVersion=13, maxDocumentSize=16777216, logicalSessionTimeoutMinutes=30, roundTripTimeNanos=579489001, setName='atlas-ob43re-shard-0', canonicalAddress=jespinoza-shard-00-00.is5j4.mongodb.net:27017, hosts=[jespinoza-shard-00-00.is5j4.mongodb.net:27017, jespinoza-shard-00-02.is5j4.mongodb.net:27017, jespinoza-shard-00-01.is5j4.mongodb.net:27017], passives=[], arbiters=[], primary='jespinoza-shard-00-02.is5j4.mongodb.net:27017', tagSet=TagSet{[Tag{name='nodeType', value='ELECTABLE'}, Tag{name='provider', value='AWS'}, Tag{name='region', value='SA_EAST_1'}, Tag{name='workloadType', value='OPERATIONAL'}]}, electionId=null, setVersion=1, topologyVersion=TopologyVersion{processId=6255b33eb2f8dd2ca44ad71c, counter=4}, lastWriteDate=Thu Apr 21 15:52:11 COT 2022, lastUpdateTimeNanos=542917079400}
2022-04-21 15:52:13.253  INFO 8136 --- [cluster-ClusterId{value='6261c3f970e4312249f40743', description='null'}-jespinoza-shard-00-02.is5j4.mongodb.net:27017] org.mongodb.driver.cluster               : Monitor thread successfully connected to server with description ServerDescription{address=jespinoza-shard-00-02.is5j4.mongodb.net:27017, type=REPLICA_SET_PRIMARY, state=CONNECTED, ok=true, minWireVersion=0, maxWireVersion=13, maxDocumentSize=16777216, logicalSessionTimeoutMinutes=30, roundTripTimeNanos=579491500, setName='atlas-ob43re-shard-0', canonicalAddress=jespinoza-shard-00-02.is5j4.mongodb.net:27017, hosts=[jespinoza-shard-00-00.is5j4.mongodb.net:27017, jespinoza-shard-00-02.is5j4.mongodb.net:27017, jespinoza-shard-00-01.is5j4.mongodb.net:27017], passives=[], arbiters=[], primary='jespinoza-shard-00-02.is5j4.mongodb.net:27017', tagSet=TagSet{[Tag{name='nodeType', value='ELECTABLE'}, Tag{name='provider', value='AWS'}, Tag{name='region', value='SA_EAST_1'}, Tag{name='workloadType', value='OPERATIONAL'}]}, electionId=7fffffff0000000000000003, setVersion=1, topologyVersion=TopologyVersion{processId=6255b38fc0dee849605ed2e2, counter=6}, lastWriteDate=Thu Apr 21 15:52:11 COT 2022, lastUpdateTimeNanos=542917079500}
2022-04-21 15:52:13.253  INFO 8136 --- [cluster-ClusterId{value='6261c3f970e4312249f40743', description='null'}-jespinoza-shard-00-01.is5j4.mongodb.net:27017] org.mongodb.driver.cluster               : Monitor thread successfully connected to server with description ServerDescription{address=jespinoza-shard-00-01.is5j4.mongodb.net:27017, type=REPLICA_SET_SECONDARY, state=CONNECTED, ok=true, minWireVersion=0, maxWireVersion=13, maxDocumentSize=16777216, logicalSessionTimeoutMinutes=30, roundTripTimeNanos=579506000, setName='atlas-ob43re-shard-0', canonicalAddress=jespinoza-shard-00-01.is5j4.mongodb.net:27017, hosts=[jespinoza-shard-00-00.is5j4.mongodb.net:27017, jespinoza-shard-00-02.is5j4.mongodb.net:27017, jespinoza-shard-00-01.is5j4.mongodb.net:27017], passives=[], arbiters=[], primary='jespinoza-shard-00-02.is5j4.mongodb.net:27017', tagSet=TagSet{[Tag{name='nodeType', value='ELECTABLE'}, Tag{name='provider', value='AWS'}, Tag{name='region', value='SA_EAST_1'}, Tag{name='workloadType', value='OPERATIONAL'}]}, electionId=null, setVersion=1, topologyVersion=TopologyVersion{processId=6255b3e0b4c5f71f47e9458f, counter=3}, lastWriteDate=Thu Apr 21 15:52:11 COT 2022, lastUpdateTimeNanos=542917079500}
2022-04-21 15:52:13.256  INFO 8136 --- [cluster-ClusterId{value='6261c3f970e4312249f40743', description='null'}-jespinoza-shard-00-02.is5j4.mongodb.net:27017] org.mongodb.driver.cluster               : Setting max election id to 7fffffff0000000000000003 from replica set primary jespinoza-shard-00-02.is5j4.mongodb.net:27017
2022-04-21 15:52:13.256  INFO 8136 --- [cluster-ClusterId{value='6261c3f970e4312249f40743', description='null'}-jespinoza-shard-00-02.is5j4.mongodb.net:27017] org.mongodb.driver.cluster               : Setting max set version to 1 from replica set primary jespinoza-shard-00-02.is5j4.mongodb.net:27017
2022-04-21 15:52:13.256  INFO 8136 --- [cluster-ClusterId{value='6261c3f970e4312249f40743', description='null'}-jespinoza-shard-00-02.is5j4.mongodb.net:27017] org.mongodb.driver.cluster               : Discovered replica set primary jespinoza-shard-00-02.is5j4.mongodb.net:27017
2022-04-21 15:52:13.307  INFO 8136 --- [restartedMain] DiscoveryClientOptionalArgsConfiguration : Eureka HTTP Client uses RestTemplate.
2022-04-21 15:52:13.466  WARN 8136 --- [restartedMain] iguration$LoadBalancerCaffeineWarnLogger : Spring Cloud LoadBalancer is currently working with the default cache. While this cache implementation is useful for development and tests, it's recommended to use Caffeine cache in production.You can switch to using Caffeine cache, by adding it and org.springframework.cache.caffeine.CaffeineCacheManager to the classpath.
2022-04-21 15:52:13.520  INFO 8136 --- [restartedMain] o.s.c.n.eureka.InstanceInfoFactory       : Setting initial instance status as: STARTING
2022-04-21 15:52:13.553  INFO 8136 --- [restartedMain] com.netflix.discovery.DiscoveryClient    : Initializing Eureka in region us-east-1
2022-04-21 15:52:13.558  INFO 8136 --- [restartedMain] c.n.d.s.r.aws.ConfigClusterResolver      : Resolving eureka endpoints via configuration
2022-04-21 15:52:13.582  INFO 8136 --- [restartedMain] com.netflix.discovery.DiscoveryClient    : Disable delta property : false
2022-04-21 15:52:13.582  INFO 8136 --- [restartedMain] com.netflix.discovery.DiscoveryClient    : Single vip registry refresh property : null
2022-04-21 15:52:13.582  INFO 8136 --- [restartedMain] com.netflix.discovery.DiscoveryClient    : Force full registry fetch : false
2022-04-21 15:52:13.582  INFO 8136 --- [restartedMain] com.netflix.discovery.DiscoveryClient    : Application is null : false
2022-04-21 15:52:13.582  INFO 8136 --- [restartedMain] com.netflix.discovery.DiscoveryClient    : Registered Applications size is zero : true
2022-04-21 15:52:13.582  INFO 8136 --- [restartedMain] com.netflix.discovery.DiscoveryClient    : Application version is -1: true
2022-04-21 15:52:13.582  INFO 8136 --- [restartedMain] com.netflix.discovery.DiscoveryClient    : Getting all instance registry info from the eureka server
2022-04-21 15:52:13.721  INFO 8136 --- [restartedMain] com.netflix.discovery.DiscoveryClient    : The response status is 200
2022-04-21 15:52:13.723  INFO 8136 --- [restartedMain] com.netflix.discovery.DiscoveryClient    : Starting heartbeat executor: renew interval is: 30
2022-04-21 15:52:13.726  INFO 8136 --- [restartedMain] c.n.discovery.InstanceInfoReplicator     : InstanceInfoReplicator onDemand update allowed rate per min is 4
2022-04-21 15:52:13.730  INFO 8136 --- [restartedMain] com.netflix.discovery.DiscoveryClient    : Discovery Client initialized at timestamp 1650574333730 with initial instances count: 4
2022-04-21 15:52:13.731  INFO 8136 --- [restartedMain] o.s.c.n.e.s.EurekaServiceRegistry        : Registering application BANKING-PAYMENT-SERVICE with eureka with status UP
2022-04-21 15:52:13.732  INFO 8136 --- [restartedMain] com.netflix.discovery.DiscoveryClient    : Saw local status change event StatusChangeEvent [timestamp=1650574333732, current=UP, previous=STARTING]
2022-04-21 15:52:13.734  INFO 8136 --- [DiscoveryClient-InstanceInfoReplicator-0] com.netflix.discovery.DiscoveryClient    : DiscoveryClient_BANKING-PAYMENT-SERVICE/LIM-6YYN4M3.usersad.everis.int:banking-payment-service:8089: registering service...
2022-04-21 15:52:13.782  INFO 8136 --- [restartedMain] o.s.b.web.embedded.netty.NettyWebServer  : Netty started on port 8089
2022-04-21 15:52:13.783  INFO 8136 --- [restartedMain] .s.c.n.e.s.EurekaAutoServiceRegistration : Updating port to 8089
2022-04-21 15:52:13.788  INFO 8136 --- [DiscoveryClient-InstanceInfoReplicator-0] com.netflix.discovery.DiscoveryClient    : DiscoveryClient_BANKING-PAYMENT-SERVICE/LIM-6YYN4M3.usersad.everis.int:banking-payment-service:8089 - registration status: 204
2022-04-21 15:52:14.176  INFO 8136 --- [restartedMain] b.p.s.a.BankingPaymentServiceApplication : Started BankingPaymentServiceApplication in 10.592 seconds (JVM running for 11.315)
