2022-04-22 00:02:12.383  INFO 8136 --- [AsyncResolver-bootstrap-executor-0] c.n.d.s.r.aws.ConfigClusterResolver      : Resolving eureka endpoints via configuration
2022-04-22 00:07:12.397  INFO 8136 --- [AsyncResolver-bootstrap-executor-0] c.n.d.s.r.aws.ConfigClusterResolver      : Resolving eureka endpoints via configuration
2022-04-22 00:12:12.406  INFO 8136 --- [AsyncResolver-bootstrap-executor-0] c.n.d.s.r.aws.ConfigClusterResolver      : Resolving eureka endpoints via configuration
2022-04-22 00:17:12.408  INFO 8136 --- [AsyncResolver-bootstrap-executor-0] c.n.d.s.r.aws.ConfigClusterResolver      : Resolving eureka endpoints via configuration
2022-04-22 00:22:12.416  INFO 8136 --- [AsyncResolver-bootstrap-executor-0] c.n.d.s.r.aws.ConfigClusterResolver      : Resolving eureka endpoints via configuration
2022-04-22 00:27:12.422  INFO 8136 --- [AsyncResolver-bootstrap-executor-0] c.n.d.s.r.aws.ConfigClusterResolver      : Resolving eureka endpoints via configuration
2022-04-22 00:32:12.425  INFO 8136 --- [AsyncResolver-bootstrap-executor-0] c.n.d.s.r.aws.ConfigClusterResolver      : Resolving eureka endpoints via configuration
2022-04-22 00:35:31.090  INFO 8136 --- [cluster-ClusterId{value='6261e29570e4312249f40749', description='null'}-jespinoza-shard-00-00.is5j4.mongodb.net:27017] org.mongodb.driver.cluster               : Exception in monitor thread while connecting to server jespinoza-shard-00-00.is5j4.mongodb.net:27017

com.mongodb.MongoSocketReadTimeoutException: Timeout while receiving message
	at com.mongodb.connection.netty.NettyStream$InboundBufferHandler.exceptionCaught(NettyStream.java:427) ~[mongodb-driver-core-4.4.2.jar:na]
	at io.netty.channel.AbstractChannelHandlerContext.invokeExceptionCaught(AbstractChannelHandlerContext.java:302) ~[netty-transport-4.1.75.Final.jar:4.1.75.Final]
	at io.netty.channel.AbstractChannelHandlerContext.invokeExceptionCaught(AbstractChannelHandlerContext.java:281) ~[netty-transport-4.1.75.Final.jar:4.1.75.Final]
	at io.netty.channel.AbstractChannelHandlerContext.fireExceptionCaught(AbstractChannelHandlerContext.java:273) ~[netty-transport-4.1.75.Final.jar:4.1.75.Final]
	at com.mongodb.connection.netty.NettyStream$ReadTimeoutTask.run(NettyStream.java:564) ~[mongodb-driver-core-4.4.2.jar:na]
	at io.netty.util.concurrent.PromiseTask.runTask(PromiseTask.java:98) ~[netty-common-4.1.75.Final.jar:4.1.75.Final]
	at io.netty.util.concurrent.ScheduledFutureTask.run(ScheduledFutureTask.java:170) ~[netty-common-4.1.75.Final.jar:4.1.75.Final]
	at io.netty.util.concurrent.AbstractEventExecutor.safeExecute(AbstractEventExecutor.java:164) ~[netty-common-4.1.75.Final.jar:4.1.75.Final]
	at io.netty.util.concurrent.SingleThreadEventExecutor.runAllTasks(SingleThreadEventExecutor.java:469) ~[netty-common-4.1.75.Final.jar:4.1.75.Final]
	at io.netty.channel.nio.NioEventLoop.run(NioEventLoop.java:503) ~[netty-transport-4.1.75.Final.jar:4.1.75.Final]
	at io.netty.util.concurrent.SingleThreadEventExecutor$4.run(SingleThreadEventExecutor.java:986) ~[netty-common-4.1.75.Final.jar:4.1.75.Final]
	at io.netty.util.internal.ThreadExecutorMap$2.run(ThreadExecutorMap.java:74) ~[netty-common-4.1.75.Final.jar:4.1.75.Final]
	at io.netty.util.concurrent.FastThreadLocalRunnable.run(FastThreadLocalRunnable.java:30) ~[netty-common-4.1.75.Final.jar:4.1.75.Final]
	at java.lang.Thread.run(Thread.java:748) [na:1.8.0_311]
Caused by: io.netty.handler.timeout.ReadTimeoutException: null

2022-04-22 00:35:31.800  INFO 8136 --- [cluster-ClusterId{value='6261e29570e4312249f40749', description='null'}-jespinoza-shard-00-00.is5j4.mongodb.net:27017] org.mongodb.driver.connection            : Opened connection [connectionId{localValue:51, serverValue:219673}] to jespinoza-shard-00-00.is5j4.mongodb.net:27017
2022-04-22 00:35:31.801  INFO 8136 --- [cluster-ClusterId{value='6261e29570e4312249f40749', description='null'}-jespinoza-shard-00-00.is5j4.mongodb.net:27017] org.mongodb.driver.cluster               : Monitor thread successfully connected to server with description ServerDescription{address=jespinoza-shard-00-00.is5j4.mongodb.net:27017, type=REPLICA_SET_SECONDARY, state=CONNECTED, ok=true, minWireVersion=0, maxWireVersion=13, maxDocumentSize=16777216, logicalSessionTimeoutMinutes=30, roundTripTimeNanos=447612900, setName='atlas-ob43re-shard-0', canonicalAddress=jespinoza-shard-00-00.is5j4.mongodb.net:27017, hosts=[jespinoza-shard-00-00.is5j4.mongodb.net:27017, jespinoza-shard-00-02.is5j4.mongodb.net:27017, jespinoza-shard-00-01.is5j4.mongodb.net:27017], passives=[], arbiters=[], primary='jespinoza-shard-00-02.is5j4.mongodb.net:27017', tagSet=TagSet{[Tag{name='nodeType', value='ELECTABLE'}, Tag{name='provider', value='AWS'}, Tag{name='region', value='SA_EAST_1'}, Tag{name='workloadType', value='OPERATIONAL'}]}, electionId=null, setVersion=1, topologyVersion=TopologyVersion{processId=6255b33eb2f8dd2ca44ad71c, counter=4}, lastWriteDate=Fri Apr 22 00:35:28 COT 2022, lastUpdateTimeNanos=31941466796400}
2022-04-22 00:37:12.430  INFO 8136 --- [AsyncResolver-bootstrap-executor-0] c.n.d.s.r.aws.ConfigClusterResolver      : Resolving eureka endpoints via configuration
2022-04-22 00:42:12.435  INFO 8136 --- [AsyncResolver-bootstrap-executor-0] c.n.d.s.r.aws.ConfigClusterResolver      : Resolving eureka endpoints via configuration
2022-04-22 00:47:12.436  INFO 8136 --- [AsyncResolver-bootstrap-executor-0] c.n.d.s.r.aws.ConfigClusterResolver      : Resolving eureka endpoints via configuration
2022-04-22 00:52:12.444  INFO 8136 --- [AsyncResolver-bootstrap-executor-0] c.n.d.s.r.aws.ConfigClusterResolver      : Resolving eureka endpoints via configuration
2022-04-22 00:57:12.449  INFO 8136 --- [AsyncResolver-bootstrap-executor-0] c.n.d.s.r.aws.ConfigClusterResolver      : Resolving eureka endpoints via configuration
2022-04-22 01:02:12.461  INFO 8136 --- [AsyncResolver-bootstrap-executor-0] c.n.d.s.r.aws.ConfigClusterResolver      : Resolving eureka endpoints via configuration
2022-04-22 01:07:12.474  INFO 8136 --- [AsyncResolver-bootstrap-executor-0] c.n.d.s.r.aws.ConfigClusterResolver      : Resolving eureka endpoints via configuration
2022-04-22 01:12:12.479  INFO 8136 --- [AsyncResolver-bootstrap-executor-0] c.n.d.s.r.aws.ConfigClusterResolver      : Resolving eureka endpoints via configuration
2022-04-22 01:17:12.483  INFO 8136 --- [AsyncResolver-bootstrap-executor-0] c.n.d.s.r.aws.ConfigClusterResolver      : Resolving eureka endpoints via configuration
2022-04-22 01:22:12.499  INFO 8136 --- [AsyncResolver-bootstrap-executor-0] c.n.d.s.r.aws.ConfigClusterResolver      : Resolving eureka endpoints via configuration
2022-04-22 01:27:12.508  INFO 8136 --- [AsyncResolver-bootstrap-executor-0] c.n.d.s.r.aws.ConfigClusterResolver      : Resolving eureka endpoints via configuration
2022-04-22 01:32:12.509  INFO 8136 --- [AsyncResolver-bootstrap-executor-0] c.n.d.s.r.aws.ConfigClusterResolver      : Resolving eureka endpoints via configuration
2022-04-22 01:37:12.525  INFO 8136 --- [AsyncResolver-bootstrap-executor-0] c.n.d.s.r.aws.ConfigClusterResolver      : Resolving eureka endpoints via configuration
2022-04-22 01:42:12.531  INFO 8136 --- [AsyncResolver-bootstrap-executor-0] c.n.d.s.r.aws.ConfigClusterResolver      : Resolving eureka endpoints via configuration
2022-04-22 01:47:12.540  INFO 8136 --- [AsyncResolver-bootstrap-executor-0] c.n.d.s.r.aws.ConfigClusterResolver      : Resolving eureka endpoints via configuration
2022-04-22 01:52:12.554  INFO 8136 --- [AsyncResolver-bootstrap-executor-0] c.n.d.s.r.aws.ConfigClusterResolver      : Resolving eureka endpoints via configuration
2022-04-22 08:49:22.722  INFO 8136 --- [cluster-ClusterId{value='6261e29570e4312249f40749', description='null'}-jespinoza-shard-00-00.is5j4.mongodb.net:27017] org.mongodb.driver.cluster               : Exception in monitor thread while connecting to server jespinoza-shard-00-00.is5j4.mongodb.net:27017

com.mongodb.MongoSocketReadException: Exception receiving message
	at com.mongodb.internal.connection.InternalStreamConnection.translateReadException(InternalStreamConnection.java:707) ~[mongodb-driver-core-4.4.2.jar:na]
	at com.mongodb.internal.connection.InternalStreamConnection.receiveMessageWithAdditionalTimeout(InternalStreamConnection.java:579) ~[mongodb-driver-core-4.4.2.jar:na]
	at com.mongodb.internal.connection.InternalStreamConnection.receiveCommandMessageResponse(InternalStreamConnection.java:415) ~[mongodb-driver-core-4.4.2.jar:na]
	at com.mongodb.internal.connection.InternalStreamConnection.receive(InternalStreamConnection.java:374) ~[mongodb-driver-core-4.4.2.jar:na]
	at com.mongodb.internal.connection.DefaultServerMonitor$ServerMonitorRunnable.lookupServerDescription(DefaultServerMonitor.java:216) ~[mongodb-driver-core-4.4.2.jar:na]
	at com.mongodb.internal.connection.DefaultServerMonitor$ServerMonitorRunnable.run(DefaultServerMonitor.java:152) ~[mongodb-driver-core-4.4.2.jar:na]
	at java.lang.Thread.run(Thread.java:748) [na:1.8.0_311]
Caused by: java.io.IOException: Se ha forzado la interrupci贸n de una conexi贸n existente por el host remoto
	at sun.nio.ch.SocketDispatcher.read0(Native Method) ~[na:1.8.0_311]
	at sun.nio.ch.SocketDispatcher.read(SocketDispatcher.java:43) ~[na:1.8.0_311]
	at sun.nio.ch.IOUtil.readIntoNativeBuffer(IOUtil.java:223) ~[na:1.8.0_311]
	at sun.nio.ch.IOUtil.read(IOUtil.java:192) ~[na:1.8.0_311]
	at sun.nio.ch.SocketChannelImpl.read(SocketChannelImpl.java:378) ~[na:1.8.0_311]
	at io.netty.buffer.PooledByteBuf.setBytes(PooledByteBuf.java:258) ~[netty-buffer-4.1.75.Final.jar:4.1.75.Final]
	at io.netty.buffer.AbstractByteBuf.writeBytes(AbstractByteBuf.java:1132) ~[netty-buffer-4.1.75.Final.jar:4.1.75.Final]
	at io.netty.channel.socket.nio.NioSocketChannel.doReadBytes(NioSocketChannel.java:350) ~[netty-transport-4.1.75.Final.jar:4.1.75.Final]
	at io.netty.channel.nio.AbstractNioByteChannel$NioByteUnsafe.read(AbstractNioByteChannel.java:151) ~[netty-transport-4.1.75.Final.jar:4.1.75.Final]
	at io.netty.channel.nio.NioEventLoop.processSelectedKey(NioEventLoop.java:722) ~[netty-transport-4.1.75.Final.jar:4.1.75.Final]
	at io.netty.channel.nio.NioEventLoop.processSelectedKeysOptimized(NioEventLoop.java:658) ~[netty-transport-4.1.75.Final.jar:4.1.75.Final]
	at io.netty.channel.nio.NioEventLoop.processSelectedKeys(NioEventLoop.java:584) ~[netty-transport-4.1.75.Final.jar:4.1.75.Final]
	at io.netty.channel.nio.NioEventLoop.run(NioEventLoop.java:496) ~[netty-transport-4.1.75.Final.jar:4.1.75.Final]
	at io.netty.util.concurrent.SingleThreadEventExecutor$4.run(SingleThreadEventExecutor.java:986) ~[netty-common-4.1.75.Final.jar:4.1.75.Final]
	at io.netty.util.internal.ThreadExecutorMap$2.run(ThreadExecutorMap.java:74) ~[netty-common-4.1.75.Final.jar:4.1.75.Final]
	at io.netty.util.concurrent.FastThreadLocalRunnable.run(FastThreadLocalRunnable.java:30) ~[netty-common-4.1.75.Final.jar:4.1.75.Final]
	... 1 common frames omitted

2022-04-22 08:49:22.727  INFO 8136 --- [cluster-ClusterId{value='6261e29570e4312249f40749', description='null'}-jespinoza-shard-00-02.is5j4.mongodb.net:27017] org.mongodb.driver.cluster               : Exception in monitor thread while connecting to server jespinoza-shard-00-02.is5j4.mongodb.net:27017

com.mongodb.MongoSocketReadException: Exception receiving message
	at com.mongodb.internal.connection.InternalStreamConnection.translateReadException(InternalStreamConnection.java:707) ~[mongodb-driver-core-4.4.2.jar:na]
	at com.mongodb.internal.connection.InternalStreamConnection.receiveMessageWithAdditionalTimeout(InternalStreamConnection.java:579) ~[mongodb-driver-core-4.4.2.jar:na]
	at com.mongodb.internal.connection.InternalStreamConnection.receiveCommandMessageResponse(InternalStreamConnection.java:415) ~[mongodb-driver-core-4.4.2.jar:na]
	at com.mongodb.internal.connection.InternalStreamConnection.receive(InternalStreamConnection.java:374) ~[mongodb-driver-core-4.4.2.jar:na]
	at com.mongodb.internal.connection.DefaultServerMonitor$ServerMonitorRunnable.lookupServerDescription(DefaultServerMonitor.java:216) ~[mongodb-driver-core-4.4.2.jar:na]
	at com.mongodb.internal.connection.DefaultServerMonitor$ServerMonitorRunnable.run(DefaultServerMonitor.java:152) ~[mongodb-driver-core-4.4.2.jar:na]
	at java.lang.Thread.run(Thread.java:748) [na:1.8.0_311]
Caused by: java.io.IOException: Se ha forzado la interrupci贸n de una conexi贸n existente por el host remoto
	at sun.nio.ch.SocketDispatcher.read0(Native Method) ~[na:1.8.0_311]
	at sun.nio.ch.SocketDispatcher.read(SocketDispatcher.java:43) ~[na:1.8.0_311]
	at sun.nio.ch.IOUtil.readIntoNativeBuffer(IOUtil.java:223) ~[na:1.8.0_311]
	at sun.nio.ch.IOUtil.read(IOUtil.java:192) ~[na:1.8.0_311]
	at sun.nio.ch.SocketChannelImpl.read(SocketChannelImpl.java:378) ~[na:1.8.0_311]
	at io.netty.buffer.PooledByteBuf.setBytes(PooledByteBuf.java:258) ~[netty-buffer-4.1.75.Final.jar:4.1.75.Final]
	at io.netty.buffer.AbstractByteBuf.writeBytes(AbstractByteBuf.java:1132) ~[netty-buffer-4.1.75.Final.jar:4.1.75.Final]
	at io.netty.channel.socket.nio.NioSocketChannel.doReadBytes(NioSocketChannel.java:350) ~[netty-transport-4.1.75.Final.jar:4.1.75.Final]
	at io.netty.channel.nio.AbstractNioByteChannel$NioByteUnsafe.read(AbstractNioByteChannel.java:151) ~[netty-transport-4.1.75.Final.jar:4.1.75.Final]
	at io.netty.channel.nio.NioEventLoop.processSelectedKey(NioEventLoop.java:722) ~[netty-transport-4.1.75.Final.jar:4.1.75.Final]
	at io.netty.channel.nio.NioEventLoop.processSelectedKeysOptimized(NioEventLoop.java:658) ~[netty-transport-4.1.75.Final.jar:4.1.75.Final]
	at io.netty.channel.nio.NioEventLoop.processSelectedKeys(NioEventLoop.java:584) ~[netty-transport-4.1.75.Final.jar:4.1.75.Final]
	at io.netty.channel.nio.NioEventLoop.run(NioEventLoop.java:496) ~[netty-transport-4.1.75.Final.jar:4.1.75.Final]
	at io.netty.util.concurrent.SingleThreadEventExecutor$4.run(SingleThreadEventExecutor.java:986) ~[netty-common-4.1.75.Final.jar:4.1.75.Final]
	at io.netty.util.internal.ThreadExecutorMap$2.run(ThreadExecutorMap.java:74) ~[netty-common-4.1.75.Final.jar:4.1.75.Final]
	at io.netty.util.concurrent.FastThreadLocalRunnable.run(FastThreadLocalRunnable.java:30) ~[netty-common-4.1.75.Final.jar:4.1.75.Final]
	... 1 common frames omitted

2022-04-22 08:49:22.735  INFO 8136 --- [cluster-ClusterId{value='6261e29570e4312249f40749', description='null'}-jespinoza-shard-00-01.is5j4.mongodb.net:27017] org.mongodb.driver.cluster               : Exception in monitor thread while connecting to server jespinoza-shard-00-01.is5j4.mongodb.net:27017

com.mongodb.MongoSocketReadTimeoutException: Timeout while receiving message
	at com.mongodb.connection.netty.NettyStream$InboundBufferHandler.exceptionCaught(NettyStream.java:427) ~[mongodb-driver-core-4.4.2.jar:na]
	at io.netty.channel.AbstractChannelHandlerContext.invokeExceptionCaught(AbstractChannelHandlerContext.java:302) ~[netty-transport-4.1.75.Final.jar:4.1.75.Final]
	at io.netty.channel.AbstractChannelHandlerContext.invokeExceptionCaught(AbstractChannelHandlerContext.java:281) ~[netty-transport-4.1.75.Final.jar:4.1.75.Final]
	at io.netty.channel.AbstractChannelHandlerContext.fireExceptionCaught(AbstractChannelHandlerContext.java:273) ~[netty-transport-4.1.75.Final.jar:4.1.75.Final]
	at com.mongodb.connection.netty.NettyStream$ReadTimeoutTask.run(NettyStream.java:564) ~[mongodb-driver-core-4.4.2.jar:na]
	at io.netty.util.concurrent.PromiseTask.runTask(PromiseTask.java:98) ~[netty-common-4.1.75.Final.jar:4.1.75.Final]
	at io.netty.util.concurrent.ScheduledFutureTask.run(ScheduledFutureTask.java:170) ~[netty-common-4.1.75.Final.jar:4.1.75.Final]
	at io.netty.util.concurrent.AbstractEventExecutor.safeExecute(AbstractEventExecutor.java:164) ~[netty-common-4.1.75.Final.jar:4.1.75.Final]
	at io.netty.util.concurrent.SingleThreadEventExecutor.runAllTasks(SingleThreadEventExecutor.java:469) ~[netty-common-4.1.75.Final.jar:4.1.75.Final]
	at io.netty.channel.nio.NioEventLoop.run(NioEventLoop.java:503) ~[netty-transport-4.1.75.Final.jar:4.1.75.Final]
	at io.netty.util.concurrent.SingleThreadEventExecutor$4.run(SingleThreadEventExecutor.java:986) ~[netty-common-4.1.75.Final.jar:4.1.75.Final]
	at io.netty.util.internal.ThreadExecutorMap$2.run(ThreadExecutorMap.java:74) ~[netty-common-4.1.75.Final.jar:4.1.75.Final]
	at io.netty.util.concurrent.FastThreadLocalRunnable.run(FastThreadLocalRunnable.java:30) ~[netty-common-4.1.75.Final.jar:4.1.75.Final]
	at java.lang.Thread.run(Thread.java:748) [na:1.8.0_311]
Caused by: io.netty.handler.timeout.ReadTimeoutException: null

2022-04-22 08:49:23.717  INFO 8136 --- [cluster-ClusterId{value='6261e29570e4312249f40749', description='null'}-jespinoza-shard-00-01.is5j4.mongodb.net:27017] org.mongodb.driver.connection            : Opened connection [connectionId{localValue:54, serverValue:226488}] to jespinoza-shard-00-01.is5j4.mongodb.net:27017
2022-04-22 08:49:23.717  INFO 8136 --- [cluster-ClusterId{value='6261e29570e4312249f40749', description='null'}-jespinoza-shard-00-01.is5j4.mongodb.net:27017] org.mongodb.driver.cluster               : Monitor thread successfully connected to server with description ServerDescription{address=jespinoza-shard-00-01.is5j4.mongodb.net:27017, type=REPLICA_SET_SECONDARY, state=CONNECTED, ok=true, minWireVersion=0, maxWireVersion=13, maxDocumentSize=16777216, logicalSessionTimeoutMinutes=30, roundTripTimeNanos=521819500, setName='atlas-ob43re-shard-0', canonicalAddress=jespinoza-shard-00-01.is5j4.mongodb.net:27017, hosts=[jespinoza-shard-00-00.is5j4.mongodb.net:27017, jespinoza-shard-00-02.is5j4.mongodb.net:27017, jespinoza-shard-00-01.is5j4.mongodb.net:27017], passives=[], arbiters=[], primary='jespinoza-shard-00-02.is5j4.mongodb.net:27017', tagSet=TagSet{[Tag{name='nodeType', value='ELECTABLE'}, Tag{name='provider', value='AWS'}, Tag{name='region', value='SA_EAST_1'}, Tag{name='workloadType', value='OPERATIONAL'}]}, electionId=null, setVersion=1, topologyVersion=TopologyVersion{processId=6255b3e0b4c5f71f47e9458f, counter=3}, lastWriteDate=Fri Apr 22 08:49:18 COT 2022, lastUpdateTimeNanos=61573382993000}
2022-04-22 08:49:23.792  INFO 8136 --- [cluster-ClusterId{value='6261e29570e4312249f40749', description='null'}-jespinoza-shard-00-02.is5j4.mongodb.net:27017] org.mongodb.driver.connection            : Opened connection [connectionId{localValue:53, serverValue:230141}] to jespinoza-shard-00-02.is5j4.mongodb.net:27017
2022-04-22 08:49:23.792  INFO 8136 --- [cluster-ClusterId{value='6261e29570e4312249f40749', description='null'}-jespinoza-shard-00-02.is5j4.mongodb.net:27017] org.mongodb.driver.cluster               : Monitor thread successfully connected to server with description ServerDescription{address=jespinoza-shard-00-02.is5j4.mongodb.net:27017, type=REPLICA_SET_PRIMARY, state=CONNECTED, ok=true, minWireVersion=0, maxWireVersion=13, maxDocumentSize=16777216, logicalSessionTimeoutMinutes=30, roundTripTimeNanos=489928600, setName='atlas-ob43re-shard-0', canonicalAddress=jespinoza-shard-00-02.is5j4.mongodb.net:27017, hosts=[jespinoza-shard-00-00.is5j4.mongodb.net:27017, jespinoza-shard-00-02.is5j4.mongodb.net:27017, jespinoza-shard-00-01.is5j4.mongodb.net:27017], passives=[], arbiters=[], primary='jespinoza-shard-00-02.is5j4.mongodb.net:27017', tagSet=TagSet{[Tag{name='nodeType', value='ELECTABLE'}, Tag{name='provider', value='AWS'}, Tag{name='region', value='SA_EAST_1'}, Tag{name='workloadType', value='OPERATIONAL'}]}, electionId=7fffffff0000000000000003, setVersion=1, topologyVersion=TopologyVersion{processId=6255b38fc0dee849605ed2e2, counter=6}, lastWriteDate=Fri Apr 22 08:49:18 COT 2022, lastUpdateTimeNanos=61573458175800}
2022-04-22 08:49:23.793  INFO 8136 --- [cluster-ClusterId{value='6261e29570e4312249f40749', description='null'}-jespinoza-shard-00-02.is5j4.mongodb.net:27017] org.mongodb.driver.cluster               : Discovered replica set primary jespinoza-shard-00-02.is5j4.mongodb.net:27017
2022-04-22 08:49:23.854  INFO 8136 --- [cluster-ClusterId{value='6261e29570e4312249f40749', description='null'}-jespinoza-shard-00-00.is5j4.mongodb.net:27017] org.mongodb.driver.connection            : Opened connection [connectionId{localValue:52, serverValue:226844}] to jespinoza-shard-00-00.is5j4.mongodb.net:27017
2022-04-22 08:49:23.854  INFO 8136 --- [cluster-ClusterId{value='6261e29570e4312249f40749', description='null'}-jespinoza-shard-00-00.is5j4.mongodb.net:27017] org.mongodb.driver.cluster               : Monitor thread successfully connected to server with description ServerDescription{address=jespinoza-shard-00-00.is5j4.mongodb.net:27017, type=REPLICA_SET_SECONDARY, state=CONNECTED, ok=true, minWireVersion=0, maxWireVersion=13, maxDocumentSize=16777216, logicalSessionTimeoutMinutes=30, roundTripTimeNanos=507261400, setName='atlas-ob43re-shard-0', canonicalAddress=jespinoza-shard-00-00.is5j4.mongodb.net:27017, hosts=[jespinoza-shard-00-00.is5j4.mongodb.net:27017, jespinoza-shard-00-02.is5j4.mongodb.net:27017, jespinoza-shard-00-01.is5j4.mongodb.net:27017], passives=[], arbiters=[], primary='jespinoza-shard-00-02.is5j4.mongodb.net:27017', tagSet=TagSet{[Tag{name='nodeType', value='ELECTABLE'}, Tag{name='provider', value='AWS'}, Tag{name='region', value='SA_EAST_1'}, Tag{name='workloadType', value='OPERATIONAL'}]}, electionId=null, setVersion=1, topologyVersion=TopologyVersion{processId=6255b33eb2f8dd2ca44ad71c, counter=4}, lastWriteDate=Fri Apr 22 08:49:18 COT 2022, lastUpdateTimeNanos=61573520172800}
2022-04-22 08:49:33.504  INFO 8136 --- [cluster-rtt-ClusterId{value='6261e29570e4312249f40749', description='null'}-jespinoza-shard-00-00.is5j4.mongodb.net:27017] org.mongodb.driver.connection            : Opened connection [connectionId{localValue:55, serverValue:226851}] to jespinoza-shard-00-00.is5j4.mongodb.net:27017
2022-04-22 08:49:34.567  INFO 8136 --- [cluster-rtt-ClusterId{value='6261e29570e4312249f40749', description='null'}-jespinoza-shard-00-02.is5j4.mongodb.net:27017] org.mongodb.driver.connection            : Opened connection [connectionId{localValue:56, serverValue:230147}] to jespinoza-shard-00-02.is5j4.mongodb.net:27017
2022-04-22 08:49:34.691  INFO 8136 --- [cluster-rtt-ClusterId{value='6261e29570e4312249f40749', description='null'}-jespinoza-shard-00-01.is5j4.mongodb.net:27017] org.mongodb.driver.connection            : Opened connection [connectionId{localValue:57, serverValue:226495}] to jespinoza-shard-00-01.is5j4.mongodb.net:27017
2022-04-22 09:30:59.613  INFO 8136 --- [cluster-ClusterId{value='6261e29570e4312249f40749', description='null'}-jespinoza-shard-00-00.is5j4.mongodb.net:27017] org.mongodb.driver.cluster               : Exception in monitor thread while connecting to server jespinoza-shard-00-00.is5j4.mongodb.net:27017

com.mongodb.MongoSocketReadTimeoutException: Timeout while receiving message
	at com.mongodb.connection.netty.NettyStream$InboundBufferHandler.exceptionCaught(NettyStream.java:427) ~[mongodb-driver-core-4.4.2.jar:na]
	at io.netty.channel.AbstractChannelHandlerContext.invokeExceptionCaught(AbstractChannelHandlerContext.java:302) ~[netty-transport-4.1.75.Final.jar:4.1.75.Final]
	at io.netty.channel.AbstractChannelHandlerContext.invokeExceptionCaught(AbstractChannelHandlerContext.java:281) ~[netty-transport-4.1.75.Final.jar:4.1.75.Final]
	at io.netty.channel.AbstractChannelHandlerContext.fireExceptionCaught(AbstractChannelHandlerContext.java:273) ~[netty-transport-4.1.75.Final.jar:4.1.75.Final]
	at com.mongodb.connection.netty.NettyStream$ReadTimeoutTask.run(NettyStream.java:564) ~[mongodb-driver-core-4.4.2.jar:na]
	at io.netty.util.concurrent.PromiseTask.runTask(PromiseTask.java:98) ~[netty-common-4.1.75.Final.jar:4.1.75.Final]
	at io.netty.util.concurrent.ScheduledFutureTask.run(ScheduledFutureTask.java:170) ~[netty-common-4.1.75.Final.jar:4.1.75.Final]
	at io.netty.util.concurrent.AbstractEventExecutor.safeExecute(AbstractEventExecutor.java:164) ~[netty-common-4.1.75.Final.jar:4.1.75.Final]
	at io.netty.util.concurrent.SingleThreadEventExecutor.runAllTasks(SingleThreadEventExecutor.java:469) ~[netty-common-4.1.75.Final.jar:4.1.75.Final]
	at io.netty.channel.nio.NioEventLoop.run(NioEventLoop.java:503) ~[netty-transport-4.1.75.Final.jar:4.1.75.Final]
	at io.netty.util.concurrent.SingleThreadEventExecutor$4.run(SingleThreadEventExecutor.java:986) ~[netty-common-4.1.75.Final.jar:4.1.75.Final]
	at io.netty.util.internal.ThreadExecutorMap$2.run(ThreadExecutorMap.java:74) ~[netty-common-4.1.75.Final.jar:4.1.75.Final]
	at io.netty.util.concurrent.FastThreadLocalRunnable.run(FastThreadLocalRunnable.java:30) ~[netty-common-4.1.75.Final.jar:4.1.75.Final]
	at java.lang.Thread.run(Thread.java:748) [na:1.8.0_311]
Caused by: io.netty.handler.timeout.ReadTimeoutException: null

2022-04-22 09:30:59.614  INFO 8136 --- [cluster-ClusterId{value='6261e29570e4312249f40749', description='null'}-jespinoza-shard-00-02.is5j4.mongodb.net:27017] org.mongodb.driver.cluster               : Exception in monitor thread while connecting to server jespinoza-shard-00-02.is5j4.mongodb.net:27017

com.mongodb.MongoSocketReadTimeoutException: Timeout while receiving message
	at com.mongodb.connection.netty.NettyStream$InboundBufferHandler.exceptionCaught(NettyStream.java:427) ~[mongodb-driver-core-4.4.2.jar:na]
	at io.netty.channel.AbstractChannelHandlerContext.invokeExceptionCaught(AbstractChannelHandlerContext.java:302) ~[netty-transport-4.1.75.Final.jar:4.1.75.Final]
	at io.netty.channel.AbstractChannelHandlerContext.invokeExceptionCaught(AbstractChannelHandlerContext.java:281) ~[netty-transport-4.1.75.Final.jar:4.1.75.Final]
	at io.netty.channel.AbstractChannelHandlerContext.fireExceptionCaught(AbstractChannelHandlerContext.java:273) ~[netty-transport-4.1.75.Final.jar:4.1.75.Final]
	at com.mongodb.connection.netty.NettyStream$ReadTimeoutTask.run(NettyStream.java:564) ~[mongodb-driver-core-4.4.2.jar:na]
	at io.netty.util.concurrent.PromiseTask.runTask(PromiseTask.java:98) ~[netty-common-4.1.75.Final.jar:4.1.75.Final]
	at io.netty.util.concurrent.ScheduledFutureTask.run(ScheduledFutureTask.java:170) ~[netty-common-4.1.75.Final.jar:4.1.75.Final]
	at io.netty.util.concurrent.AbstractEventExecutor.safeExecute(AbstractEventExecutor.java:164) ~[netty-common-4.1.75.Final.jar:4.1.75.Final]
	at io.netty.util.concurrent.SingleThreadEventExecutor.runAllTasks(SingleThreadEventExecutor.java:469) ~[netty-common-4.1.75.Final.jar:4.1.75.Final]
	at io.netty.channel.nio.NioEventLoop.run(NioEventLoop.java:503) ~[netty-transport-4.1.75.Final.jar:4.1.75.Final]
	at io.netty.util.concurrent.SingleThreadEventExecutor$4.run(SingleThreadEventExecutor.java:986) ~[netty-common-4.1.75.Final.jar:4.1.75.Final]
	at io.netty.util.internal.ThreadExecutorMap$2.run(ThreadExecutorMap.java:74) ~[netty-common-4.1.75.Final.jar:4.1.75.Final]
	at io.netty.util.concurrent.FastThreadLocalRunnable.run(FastThreadLocalRunnable.java:30) ~[netty-common-4.1.75.Final.jar:4.1.75.Final]
	at java.lang.Thread.run(Thread.java:748) [na:1.8.0_311]
Caused by: io.netty.handler.timeout.ReadTimeoutException: null

2022-04-22 09:30:59.666  INFO 8136 --- [cluster-ClusterId{value='6261e29570e4312249f40749', description='null'}-jespinoza-shard-00-01.is5j4.mongodb.net:27017] org.mongodb.driver.cluster               : Exception in monitor thread while connecting to server jespinoza-shard-00-01.is5j4.mongodb.net:27017

com.mongodb.MongoSocketReadTimeoutException: Timeout while receiving message
	at com.mongodb.connection.netty.NettyStream$InboundBufferHandler.exceptionCaught(NettyStream.java:427) ~[mongodb-driver-core-4.4.2.jar:na]
	at io.netty.channel.AbstractChannelHandlerContext.invokeExceptionCaught(AbstractChannelHandlerContext.java:302) ~[netty-transport-4.1.75.Final.jar:4.1.75.Final]
	at io.netty.channel.AbstractChannelHandlerContext.invokeExceptionCaught(AbstractChannelHandlerContext.java:281) ~[netty-transport-4.1.75.Final.jar:4.1.75.Final]
	at io.netty.channel.AbstractChannelHandlerContext.fireExceptionCaught(AbstractChannelHandlerContext.java:273) ~[netty-transport-4.1.75.Final.jar:4.1.75.Final]
	at com.mongodb.connection.netty.NettyStream$ReadTimeoutTask.run(NettyStream.java:564) ~[mongodb-driver-core-4.4.2.jar:na]
	at io.netty.util.concurrent.PromiseTask.runTask(PromiseTask.java:98) ~[netty-common-4.1.75.Final.jar:4.1.75.Final]
	at io.netty.util.concurrent.ScheduledFutureTask.run(ScheduledFutureTask.java:170) ~[netty-common-4.1.75.Final.jar:4.1.75.Final]
	at io.netty.util.concurrent.AbstractEventExecutor.safeExecute(AbstractEventExecutor.java:164) ~[netty-common-4.1.75.Final.jar:4.1.75.Final]
	at io.netty.util.concurrent.SingleThreadEventExecutor.runAllTasks(SingleThreadEventExecutor.java:469) ~[netty-common-4.1.75.Final.jar:4.1.75.Final]
	at io.netty.channel.nio.NioEventLoop.run(NioEventLoop.java:503) ~[netty-transport-4.1.75.Final.jar:4.1.75.Final]
	at io.netty.util.concurrent.SingleThreadEventExecutor$4.run(SingleThreadEventExecutor.java:986) ~[netty-common-4.1.75.Final.jar:4.1.75.Final]
	at io.netty.util.internal.ThreadExecutorMap$2.run(ThreadExecutorMap.java:74) ~[netty-common-4.1.75.Final.jar:4.1.75.Final]
	at io.netty.util.concurrent.FastThreadLocalRunnable.run(FastThreadLocalRunnable.java:30) ~[netty-common-4.1.75.Final.jar:4.1.75.Final]
	at java.lang.Thread.run(Thread.java:748) [na:1.8.0_311]
Caused by: io.netty.handler.timeout.ReadTimeoutException: null

2022-04-22 09:31:00.559  INFO 8136 --- [cluster-ClusterId{value='6261e29570e4312249f40749', description='null'}-jespinoza-shard-00-01.is5j4.mongodb.net:27017] org.mongodb.driver.connection            : Opened connection [connectionId{localValue:60, serverValue:227193}] to jespinoza-shard-00-01.is5j4.mongodb.net:27017
2022-04-22 09:31:00.560  INFO 8136 --- [cluster-ClusterId{value='6261e29570e4312249f40749', description='null'}-jespinoza-shard-00-01.is5j4.mongodb.net:27017] org.mongodb.driver.cluster               : Monitor thread successfully connected to server with description ServerDescription{address=jespinoza-shard-00-01.is5j4.mongodb.net:27017, type=REPLICA_SET_SECONDARY, state=CONNECTED, ok=true, minWireVersion=0, maxWireVersion=13, maxDocumentSize=16777216, logicalSessionTimeoutMinutes=30, roundTripTimeNanos=481261200, setName='atlas-ob43re-shard-0', canonicalAddress=jespinoza-shard-00-01.is5j4.mongodb.net:27017, hosts=[jespinoza-shard-00-00.is5j4.mongodb.net:27017, jespinoza-shard-00-02.is5j4.mongodb.net:27017, jespinoza-shard-00-01.is5j4.mongodb.net:27017], passives=[], arbiters=[], primary='jespinoza-shard-00-02.is5j4.mongodb.net:27017', tagSet=TagSet{[Tag{name='nodeType', value='ELECTABLE'}, Tag{name='provider', value='AWS'}, Tag{name='region', value='SA_EAST_1'}, Tag{name='workloadType', value='OPERATIONAL'}]}, electionId=null, setVersion=1, topologyVersion=TopologyVersion{processId=6255b3e0b4c5f71f47e9458f, counter=3}, lastWriteDate=Fri Apr 22 09:30:58 COT 2022, lastUpdateTimeNanos=64070225712200}
2022-04-22 09:31:00.970  INFO 8136 --- [cluster-ClusterId{value='6261e29570e4312249f40749', description='null'}-jespinoza-shard-00-00.is5j4.mongodb.net:27017] org.mongodb.driver.connection            : Opened connection [connectionId{localValue:58, serverValue:227543}] to jespinoza-shard-00-00.is5j4.mongodb.net:27017
2022-04-22 09:31:00.970  INFO 8136 --- [cluster-ClusterId{value='6261e29570e4312249f40749', description='null'}-jespinoza-shard-00-00.is5j4.mongodb.net:27017] org.mongodb.driver.cluster               : Monitor thread successfully connected to server with description ServerDescription{address=jespinoza-shard-00-00.is5j4.mongodb.net:27017, type=REPLICA_SET_SECONDARY, state=CONNECTED, ok=true, minWireVersion=0, maxWireVersion=13, maxDocumentSize=16777216, logicalSessionTimeoutMinutes=30, roundTripTimeNanos=918304300, setName='atlas-ob43re-shard-0', canonicalAddress=jespinoza-shard-00-00.is5j4.mongodb.net:27017, hosts=[jespinoza-shard-00-00.is5j4.mongodb.net:27017, jespinoza-shard-00-02.is5j4.mongodb.net:27017, jespinoza-shard-00-01.is5j4.mongodb.net:27017], passives=[], arbiters=[], primary='jespinoza-shard-00-02.is5j4.mongodb.net:27017', tagSet=TagSet{[Tag{name='nodeType', value='ELECTABLE'}, Tag{name='provider', value='AWS'}, Tag{name='region', value='SA_EAST_1'}, Tag{name='workloadType', value='OPERATIONAL'}]}, electionId=null, setVersion=1, topologyVersion=TopologyVersion{processId=6255b33eb2f8dd2ca44ad71c, counter=4}, lastWriteDate=Fri Apr 22 09:30:58 COT 2022, lastUpdateTimeNanos=64070636296200}
2022-04-22 09:31:00.992  INFO 8136 --- [cluster-ClusterId{value='6261e29570e4312249f40749', description='null'}-jespinoza-shard-00-02.is5j4.mongodb.net:27017] org.mongodb.driver.connection            : Opened connection [connectionId{localValue:59, serverValue:230842}] to jespinoza-shard-00-02.is5j4.mongodb.net:27017
2022-04-22 09:31:00.992  INFO 8136 --- [cluster-ClusterId{value='6261e29570e4312249f40749', description='null'}-jespinoza-shard-00-02.is5j4.mongodb.net:27017] org.mongodb.driver.cluster               : Monitor thread successfully connected to server with description ServerDescription{address=jespinoza-shard-00-02.is5j4.mongodb.net:27017, type=REPLICA_SET_PRIMARY, state=CONNECTED, ok=true, minWireVersion=0, maxWireVersion=13, maxDocumentSize=16777216, logicalSessionTimeoutMinutes=30, roundTripTimeNanos=941311100, setName='atlas-ob43re-shard-0', canonicalAddress=jespinoza-shard-00-02.is5j4.mongodb.net:27017, hosts=[jespinoza-shard-00-00.is5j4.mongodb.net:27017, jespinoza-shard-00-02.is5j4.mongodb.net:27017, jespinoza-shard-00-01.is5j4.mongodb.net:27017], passives=[], arbiters=[], primary='jespinoza-shard-00-02.is5j4.mongodb.net:27017', tagSet=TagSet{[Tag{name='nodeType', value='ELECTABLE'}, Tag{name='provider', value='AWS'}, Tag{name='region', value='SA_EAST_1'}, Tag{name='workloadType', value='OPERATIONAL'}]}, electionId=7fffffff0000000000000003, setVersion=1, topologyVersion=TopologyVersion{processId=6255b38fc0dee849605ed2e2, counter=6}, lastWriteDate=Fri Apr 22 09:30:58 COT 2022, lastUpdateTimeNanos=64070658540500}
2022-04-22 09:31:00.993  INFO 8136 --- [cluster-ClusterId{value='6261e29570e4312249f40749', description='null'}-jespinoza-shard-00-02.is5j4.mongodb.net:27017] org.mongodb.driver.cluster               : Discovered replica set primary jespinoza-shard-00-02.is5j4.mongodb.net:27017
2022-04-22 10:02:10.335  INFO 8136 --- [cluster-ClusterId{value='6261e29570e4312249f40749', description='null'}-jespinoza-shard-00-00.is5j4.mongodb.net:27017] org.mongodb.driver.cluster               : Exception in monitor thread while connecting to server jespinoza-shard-00-00.is5j4.mongodb.net:27017

com.mongodb.MongoSocketReadTimeoutException: Timeout while receiving message
	at com.mongodb.connection.netty.NettyStream$InboundBufferHandler.exceptionCaught(NettyStream.java:427) ~[mongodb-driver-core-4.4.2.jar:na]
	at io.netty.channel.AbstractChannelHandlerContext.invokeExceptionCaught(AbstractChannelHandlerContext.java:302) ~[netty-transport-4.1.75.Final.jar:4.1.75.Final]
	at io.netty.channel.AbstractChannelHandlerContext.invokeExceptionCaught(AbstractChannelHandlerContext.java:281) ~[netty-transport-4.1.75.Final.jar:4.1.75.Final]
	at io.netty.channel.AbstractChannelHandlerContext.fireExceptionCaught(AbstractChannelHandlerContext.java:273) ~[netty-transport-4.1.75.Final.jar:4.1.75.Final]
	at com.mongodb.connection.netty.NettyStream$ReadTimeoutTask.run(NettyStream.java:564) ~[mongodb-driver-core-4.4.2.jar:na]
	at io.netty.util.concurrent.PromiseTask.runTask(PromiseTask.java:98) ~[netty-common-4.1.75.Final.jar:4.1.75.Final]
	at io.netty.util.concurrent.ScheduledFutureTask.run(ScheduledFutureTask.java:170) ~[netty-common-4.1.75.Final.jar:4.1.75.Final]
	at io.netty.util.concurrent.AbstractEventExecutor.safeExecute(AbstractEventExecutor.java:164) ~[netty-common-4.1.75.Final.jar:4.1.75.Final]
	at io.netty.util.concurrent.SingleThreadEventExecutor.runAllTasks(SingleThreadEventExecutor.java:469) ~[netty-common-4.1.75.Final.jar:4.1.75.Final]
	at io.netty.channel.nio.NioEventLoop.run(NioEventLoop.java:503) ~[netty-transport-4.1.75.Final.jar:4.1.75.Final]
	at io.netty.util.concurrent.SingleThreadEventExecutor$4.run(SingleThreadEventExecutor.java:986) ~[netty-common-4.1.75.Final.jar:4.1.75.Final]
	at io.netty.util.internal.ThreadExecutorMap$2.run(ThreadExecutorMap.java:74) ~[netty-common-4.1.75.Final.jar:4.1.75.Final]
	at io.netty.util.concurrent.FastThreadLocalRunnable.run(FastThreadLocalRunnable.java:30) ~[netty-common-4.1.75.Final.jar:4.1.75.Final]
	at java.lang.Thread.run(Thread.java:748) [na:1.8.0_311]
Caused by: io.netty.handler.timeout.ReadTimeoutException: null

2022-04-22 10:02:10.339  INFO 8136 --- [cluster-ClusterId{value='6261e29570e4312249f40749', description='null'}-jespinoza-shard-00-02.is5j4.mongodb.net:27017] org.mongodb.driver.cluster               : Exception in monitor thread while connecting to server jespinoza-shard-00-02.is5j4.mongodb.net:27017

com.mongodb.MongoSocketReadTimeoutException: Timeout while receiving message
	at com.mongodb.connection.netty.NettyStream$InboundBufferHandler.exceptionCaught(NettyStream.java:427) ~[mongodb-driver-core-4.4.2.jar:na]
	at io.netty.channel.AbstractChannelHandlerContext.invokeExceptionCaught(AbstractChannelHandlerContext.java:302) ~[netty-transport-4.1.75.Final.jar:4.1.75.Final]
	at io.netty.channel.AbstractChannelHandlerContext.invokeExceptionCaught(AbstractChannelHandlerContext.java:281) ~[netty-transport-4.1.75.Final.jar:4.1.75.Final]
	at io.netty.channel.AbstractChannelHandlerContext.fireExceptionCaught(AbstractChannelHandlerContext.java:273) ~[netty-transport-4.1.75.Final.jar:4.1.75.Final]
	at com.mongodb.connection.netty.NettyStream$ReadTimeoutTask.run(NettyStream.java:564) ~[mongodb-driver-core-4.4.2.jar:na]
	at io.netty.util.concurrent.PromiseTask.runTask(PromiseTask.java:98) ~[netty-common-4.1.75.Final.jar:4.1.75.Final]
	at io.netty.util.concurrent.ScheduledFutureTask.run(ScheduledFutureTask.java:170) ~[netty-common-4.1.75.Final.jar:4.1.75.Final]
	at io.netty.util.concurrent.AbstractEventExecutor.safeExecute(AbstractEventExecutor.java:164) ~[netty-common-4.1.75.Final.jar:4.1.75.Final]
	at io.netty.util.concurrent.SingleThreadEventExecutor.runAllTasks(SingleThreadEventExecutor.java:469) ~[netty-common-4.1.75.Final.jar:4.1.75.Final]
	at io.netty.channel.nio.NioEventLoop.run(NioEventLoop.java:503) ~[netty-transport-4.1.75.Final.jar:4.1.75.Final]
	at io.netty.util.concurrent.SingleThreadEventExecutor$4.run(SingleThreadEventExecutor.java:986) ~[netty-common-4.1.75.Final.jar:4.1.75.Final]
	at io.netty.util.internal.ThreadExecutorMap$2.run(ThreadExecutorMap.java:74) ~[netty-common-4.1.75.Final.jar:4.1.75.Final]
	at io.netty.util.concurrent.FastThreadLocalRunnable.run(FastThreadLocalRunnable.java:30) ~[netty-common-4.1.75.Final.jar:4.1.75.Final]
	at java.lang.Thread.run(Thread.java:748) [na:1.8.0_311]
Caused by: io.netty.handler.timeout.ReadTimeoutException: null

2022-04-22 10:02:11.162  INFO 8136 --- [cluster-ClusterId{value='6261e29570e4312249f40749', description='null'}-jespinoza-shard-00-00.is5j4.mongodb.net:27017] org.mongodb.driver.connection            : Opened connection [connectionId{localValue:61, serverValue:228042}] to jespinoza-shard-00-00.is5j4.mongodb.net:27017
2022-04-22 10:02:11.162  INFO 8136 --- [cluster-ClusterId{value='6261e29570e4312249f40749', description='null'}-jespinoza-shard-00-00.is5j4.mongodb.net:27017] org.mongodb.driver.cluster               : Monitor thread successfully connected to server with description ServerDescription{address=jespinoza-shard-00-00.is5j4.mongodb.net:27017, type=REPLICA_SET_SECONDARY, state=CONNECTED, ok=true, minWireVersion=0, maxWireVersion=13, maxDocumentSize=16777216, logicalSessionTimeoutMinutes=30, roundTripTimeNanos=477920101, setName='atlas-ob43re-shard-0', canonicalAddress=jespinoza-shard-00-00.is5j4.mongodb.net:27017, hosts=[jespinoza-shard-00-00.is5j4.mongodb.net:27017, jespinoza-shard-00-02.is5j4.mongodb.net:27017, jespinoza-shard-00-01.is5j4.mongodb.net:27017], passives=[], arbiters=[], primary='jespinoza-shard-00-02.is5j4.mongodb.net:27017', tagSet=TagSet{[Tag{name='nodeType', value='ELECTABLE'}, Tag{name='provider', value='AWS'}, Tag{name='region', value='SA_EAST_1'}, Tag{name='workloadType', value='OPERATIONAL'}]}, electionId=null, setVersion=1, topologyVersion=TopologyVersion{processId=6255b33eb2f8dd2ca44ad71c, counter=4}, lastWriteDate=Fri Apr 22 10:02:02 COT 2022, lastUpdateTimeNanos=65940828154999}
2022-04-22 10:02:11.202  INFO 8136 --- [cluster-ClusterId{value='6261e29570e4312249f40749', description='null'}-jespinoza-shard-00-02.is5j4.mongodb.net:27017] org.mongodb.driver.connection            : Opened connection [connectionId{localValue:62, serverValue:231353}] to jespinoza-shard-00-02.is5j4.mongodb.net:27017
2022-04-22 10:02:11.202  INFO 8136 --- [cluster-ClusterId{value='6261e29570e4312249f40749', description='null'}-jespinoza-shard-00-02.is5j4.mongodb.net:27017] org.mongodb.driver.cluster               : Monitor thread successfully connected to server with description ServerDescription{address=jespinoza-shard-00-02.is5j4.mongodb.net:27017, type=REPLICA_SET_PRIMARY, state=CONNECTED, ok=true, minWireVersion=0, maxWireVersion=13, maxDocumentSize=16777216, logicalSessionTimeoutMinutes=30, roundTripTimeNanos=519615901, setName='atlas-ob43re-shard-0', canonicalAddress=jespinoza-shard-00-02.is5j4.mongodb.net:27017, hosts=[jespinoza-shard-00-00.is5j4.mongodb.net:27017, jespinoza-shard-00-02.is5j4.mongodb.net:27017, jespinoza-shard-00-01.is5j4.mongodb.net:27017], passives=[], arbiters=[], primary='jespinoza-shard-00-02.is5j4.mongodb.net:27017', tagSet=TagSet{[Tag{name='nodeType', value='ELECTABLE'}, Tag{name='provider', value='AWS'}, Tag{name='region', value='SA_EAST_1'}, Tag{name='workloadType', value='OPERATIONAL'}]}, electionId=7fffffff0000000000000003, setVersion=1, topologyVersion=TopologyVersion{processId=6255b38fc0dee849605ed2e2, counter=6}, lastWriteDate=Fri Apr 22 10:02:02 COT 2022, lastUpdateTimeNanos=65940868379399}
2022-04-22 10:02:11.203  INFO 8136 --- [cluster-ClusterId{value='6261e29570e4312249f40749', description='null'}-jespinoza-shard-00-02.is5j4.mongodb.net:27017] org.mongodb.driver.cluster               : Discovered replica set primary jespinoza-shard-00-02.is5j4.mongodb.net:27017
2022-04-22 10:02:18.082  INFO 8136 --- [cluster-rtt-ClusterId{value='6261e29570e4312249f40749', description='null'}-jespinoza-shard-00-00.is5j4.mongodb.net:27017] org.mongodb.driver.connection            : Opened connection [connectionId{localValue:63, serverValue:228049}] to jespinoza-shard-00-00.is5j4.mongodb.net:27017
2022-04-22 10:02:20.941  INFO 8136 --- [cluster-rtt-ClusterId{value='6261e29570e4312249f40749', description='null'}-jespinoza-shard-00-01.is5j4.mongodb.net:27017] org.mongodb.driver.connection            : Opened connection [connectionId{localValue:64, serverValue:227685}] to jespinoza-shard-00-01.is5j4.mongodb.net:27017
2022-04-22 10:02:20.964  INFO 8136 --- [cluster-rtt-ClusterId{value='6261e29570e4312249f40749', description='null'}-jespinoza-shard-00-02.is5j4.mongodb.net:27017] org.mongodb.driver.connection            : Opened connection [connectionId{localValue:65, serverValue:231350}] to jespinoza-shard-00-02.is5j4.mongodb.net:27017
2022-04-22 10:02:30.345  INFO 8136 --- [cluster-ClusterId{value='6261e29570e4312249f40749', description='null'}-jespinoza-shard-00-01.is5j4.mongodb.net:27017] org.mongodb.driver.cluster               : Exception in monitor thread while connecting to server jespinoza-shard-00-01.is5j4.mongodb.net:27017

com.mongodb.MongoSocketReadTimeoutException: Timeout while receiving message
	at com.mongodb.connection.netty.NettyStream$InboundBufferHandler.exceptionCaught(NettyStream.java:427) ~[mongodb-driver-core-4.4.2.jar:na]
	at io.netty.channel.AbstractChannelHandlerContext.invokeExceptionCaught(AbstractChannelHandlerContext.java:302) ~[netty-transport-4.1.75.Final.jar:4.1.75.Final]
	at io.netty.channel.AbstractChannelHandlerContext.invokeExceptionCaught(AbstractChannelHandlerContext.java:281) ~[netty-transport-4.1.75.Final.jar:4.1.75.Final]
	at io.netty.channel.AbstractChannelHandlerContext.fireExceptionCaught(AbstractChannelHandlerContext.java:273) ~[netty-transport-4.1.75.Final.jar:4.1.75.Final]
	at com.mongodb.connection.netty.NettyStream$ReadTimeoutTask.run(NettyStream.java:564) ~[mongodb-driver-core-4.4.2.jar:na]
	at io.netty.util.concurrent.PromiseTask.runTask(PromiseTask.java:98) ~[netty-common-4.1.75.Final.jar:4.1.75.Final]
	at io.netty.util.concurrent.ScheduledFutureTask.run(ScheduledFutureTask.java:170) ~[netty-common-4.1.75.Final.jar:4.1.75.Final]
	at io.netty.util.concurrent.AbstractEventExecutor.safeExecute(AbstractEventExecutor.java:164) ~[netty-common-4.1.75.Final.jar:4.1.75.Final]
	at io.netty.util.concurrent.SingleThreadEventExecutor.runAllTasks(SingleThreadEventExecutor.java:469) ~[netty-common-4.1.75.Final.jar:4.1.75.Final]
	at io.netty.channel.nio.NioEventLoop.run(NioEventLoop.java:503) ~[netty-transport-4.1.75.Final.jar:4.1.75.Final]
	at io.netty.util.concurrent.SingleThreadEventExecutor$4.run(SingleThreadEventExecutor.java:986) ~[netty-common-4.1.75.Final.jar:4.1.75.Final]
	at io.netty.util.internal.ThreadExecutorMap$2.run(ThreadExecutorMap.java:74) ~[netty-common-4.1.75.Final.jar:4.1.75.Final]
	at io.netty.util.concurrent.FastThreadLocalRunnable.run(FastThreadLocalRunnable.java:30) ~[netty-common-4.1.75.Final.jar:4.1.75.Final]
	at java.lang.Thread.run(Thread.java:748) [na:1.8.0_311]
Caused by: io.netty.handler.timeout.ReadTimeoutException: null

2022-04-22 10:02:30.976  INFO 8136 --- [cluster-ClusterId{value='6261e29570e4312249f40749', description='null'}-jespinoza-shard-00-01.is5j4.mongodb.net:27017] org.mongodb.driver.connection            : Opened connection [connectionId{localValue:66, serverValue:227692}] to jespinoza-shard-00-01.is5j4.mongodb.net:27017
2022-04-22 10:02:30.976  INFO 8136 --- [cluster-ClusterId{value='6261e29570e4312249f40749', description='null'}-jespinoza-shard-00-01.is5j4.mongodb.net:27017] org.mongodb.driver.cluster               : Monitor thread successfully connected to server with description ServerDescription{address=jespinoza-shard-00-01.is5j4.mongodb.net:27017, type=REPLICA_SET_SECONDARY, state=CONNECTED, ok=true, minWireVersion=0, maxWireVersion=13, maxDocumentSize=16777216, logicalSessionTimeoutMinutes=30, roundTripTimeNanos=476358400, setName='atlas-ob43re-shard-0', canonicalAddress=jespinoza-shard-00-01.is5j4.mongodb.net:27017, hosts=[jespinoza-shard-00-00.is5j4.mongodb.net:27017, jespinoza-shard-00-02.is5j4.mongodb.net:27017, jespinoza-shard-00-01.is5j4.mongodb.net:27017], passives=[], arbiters=[], primary='jespinoza-shard-00-02.is5j4.mongodb.net:27017', tagSet=TagSet{[Tag{name='nodeType', value='ELECTABLE'}, Tag{name='provider', value='AWS'}, Tag{name='region', value='SA_EAST_1'}, Tag{name='workloadType', value='OPERATIONAL'}]}, electionId=null, setVersion=1, topologyVersion=TopologyVersion{processId=6255b3e0b4c5f71f47e9458f, counter=3}, lastWriteDate=Fri Apr 22 10:02:22 COT 2022, lastUpdateTimeNanos=65960642742500}
2022-04-22 10:04:14.231  INFO 8136 --- [AsyncResolver-bootstrap-executor-0] c.n.d.s.r.aws.ConfigClusterResolver      : Resolving eureka endpoints via configuration
2022-04-22 10:09:14.233  INFO 8136 --- [AsyncResolver-bootstrap-executor-0] c.n.d.s.r.aws.ConfigClusterResolver      : Resolving eureka endpoints via configuration
2022-04-22 10:14:14.235  INFO 8136 --- [AsyncResolver-bootstrap-executor-0] c.n.d.s.r.aws.ConfigClusterResolver      : Resolving eureka endpoints via configuration
2022-04-22 10:19:14.238  INFO 8136 --- [AsyncResolver-bootstrap-executor-0] c.n.d.s.r.aws.ConfigClusterResolver      : Resolving eureka endpoints via configuration
2022-04-22 10:24:14.247  INFO 8136 --- [AsyncResolver-bootstrap-executor-0] c.n.d.s.r.aws.ConfigClusterResolver      : Resolving eureka endpoints via configuration
2022-04-22 10:29:14.262  INFO 8136 --- [AsyncResolver-bootstrap-executor-0] c.n.d.s.r.aws.ConfigClusterResolver      : Resolving eureka endpoints via configuration
2022-04-22 10:34:14.265  INFO 8136 --- [AsyncResolver-bootstrap-executor-0] c.n.d.s.r.aws.ConfigClusterResolver      : Resolving eureka endpoints via configuration
2022-04-22 10:39:14.279  INFO 8136 --- [AsyncResolver-bootstrap-executor-0] c.n.d.s.r.aws.ConfigClusterResolver      : Resolving eureka endpoints via configuration
2022-04-22 10:44:14.286  INFO 8136 --- [AsyncResolver-bootstrap-executor-0] c.n.d.s.r.aws.ConfigClusterResolver      : Resolving eureka endpoints via configuration
2022-04-22 10:49:14.287  INFO 8136 --- [AsyncResolver-bootstrap-executor-0] c.n.d.s.r.aws.ConfigClusterResolver      : Resolving eureka endpoints via configuration
2022-04-22 10:54:14.301  INFO 8136 --- [AsyncResolver-bootstrap-executor-0] c.n.d.s.r.aws.ConfigClusterResolver      : Resolving eureka endpoints via configuration
2022-04-22 10:59:14.309  INFO 8136 --- [AsyncResolver-bootstrap-executor-0] c.n.d.s.r.aws.ConfigClusterResolver      : Resolving eureka endpoints via configuration
2022-04-22 11:04:14.322  INFO 8136 --- [AsyncResolver-bootstrap-executor-0] c.n.d.s.r.aws.ConfigClusterResolver      : Resolving eureka endpoints via configuration
2022-04-22 11:09:14.335  INFO 8136 --- [AsyncResolver-bootstrap-executor-0] c.n.d.s.r.aws.ConfigClusterResolver      : Resolving eureka endpoints via configuration
2022-04-22 11:14:14.340  INFO 8136 --- [AsyncResolver-bootstrap-executor-0] c.n.d.s.r.aws.ConfigClusterResolver      : Resolving eureka endpoints via configuration
2022-04-22 11:19:14.355  INFO 8136 --- [AsyncResolver-bootstrap-executor-0] c.n.d.s.r.aws.ConfigClusterResolver      : Resolving eureka endpoints via configuration
2022-04-22 11:24:14.367  INFO 8136 --- [AsyncResolver-bootstrap-executor-0] c.n.d.s.r.aws.ConfigClusterResolver      : Resolving eureka endpoints via configuration
2022-04-22 11:29:14.381  INFO 8136 --- [AsyncResolver-bootstrap-executor-0] c.n.d.s.r.aws.ConfigClusterResolver      : Resolving eureka endpoints via configuration
2022-04-22 11:34:14.392  INFO 8136 --- [AsyncResolver-bootstrap-executor-0] c.n.d.s.r.aws.ConfigClusterResolver      : Resolving eureka endpoints via configuration
2022-04-22 11:39:14.404  INFO 8136 --- [AsyncResolver-bootstrap-executor-0] c.n.d.s.r.aws.ConfigClusterResolver      : Resolving eureka endpoints via configuration
2022-04-22 11:44:14.406  INFO 8136 --- [AsyncResolver-bootstrap-executor-0] c.n.d.s.r.aws.ConfigClusterResolver      : Resolving eureka endpoints via configuration
2022-04-22 11:49:14.421  INFO 8136 --- [AsyncResolver-bootstrap-executor-0] c.n.d.s.r.aws.ConfigClusterResolver      : Resolving eureka endpoints via configuration
2022-04-22 11:54:14.434  INFO 8136 --- [AsyncResolver-bootstrap-executor-0] c.n.d.s.r.aws.ConfigClusterResolver      : Resolving eureka endpoints via configuration
2022-04-22 11:59:14.438  INFO 8136 --- [AsyncResolver-bootstrap-executor-0] c.n.d.s.r.aws.ConfigClusterResolver      : Resolving eureka endpoints via configuration
2022-04-22 12:04:14.449  INFO 8136 --- [AsyncResolver-bootstrap-executor-0] c.n.d.s.r.aws.ConfigClusterResolver      : Resolving eureka endpoints via configuration
2022-04-22 12:09:14.455  INFO 8136 --- [AsyncResolver-bootstrap-executor-0] c.n.d.s.r.aws.ConfigClusterResolver      : Resolving eureka endpoints via configuration
2022-04-22 12:14:14.466  INFO 8136 --- [AsyncResolver-bootstrap-executor-0] c.n.d.s.r.aws.ConfigClusterResolver      : Resolving eureka endpoints via configuration
2022-04-22 12:19:14.475  INFO 8136 --- [AsyncResolver-bootstrap-executor-0] c.n.d.s.r.aws.ConfigClusterResolver      : Resolving eureka endpoints via configuration
2022-04-22 12:24:14.486  INFO 8136 --- [AsyncResolver-bootstrap-executor-0] c.n.d.s.r.aws.ConfigClusterResolver      : Resolving eureka endpoints via configuration
2022-04-22 12:29:14.491  INFO 8136 --- [AsyncResolver-bootstrap-executor-0] c.n.d.s.r.aws.ConfigClusterResolver      : Resolving eureka endpoints via configuration
2022-04-22 12:34:14.499  INFO 8136 --- [AsyncResolver-bootstrap-executor-0] c.n.d.s.r.aws.ConfigClusterResolver      : Resolving eureka endpoints via configuration
2022-04-22 12:39:14.505  INFO 8136 --- [AsyncResolver-bootstrap-executor-0] c.n.d.s.r.aws.ConfigClusterResolver      : Resolving eureka endpoints via configuration
2022-04-22 12:44:14.519  INFO 8136 --- [AsyncResolver-bootstrap-executor-0] c.n.d.s.r.aws.ConfigClusterResolver      : Resolving eureka endpoints via configuration
2022-04-22 12:49:14.522  INFO 8136 --- [AsyncResolver-bootstrap-executor-0] c.n.d.s.r.aws.ConfigClusterResolver      : Resolving eureka endpoints via configuration
2022-04-22 12:54:14.532  INFO 8136 --- [AsyncResolver-bootstrap-executor-0] c.n.d.s.r.aws.ConfigClusterResolver      : Resolving eureka endpoints via configuration
2022-04-22 12:59:14.538  INFO 8136 --- [AsyncResolver-bootstrap-executor-0] c.n.d.s.r.aws.ConfigClusterResolver      : Resolving eureka endpoints via configuration
2022-04-22 13:04:14.541  INFO 8136 --- [AsyncResolver-bootstrap-executor-0] c.n.d.s.r.aws.ConfigClusterResolver      : Resolving eureka endpoints via configuration
2022-04-22 13:09:14.554  INFO 8136 --- [AsyncResolver-bootstrap-executor-0] c.n.d.s.r.aws.ConfigClusterResolver      : Resolving eureka endpoints via configuration
2022-04-22 13:14:14.557  INFO 8136 --- [AsyncResolver-bootstrap-executor-0] c.n.d.s.r.aws.ConfigClusterResolver      : Resolving eureka endpoints via configuration
2022-04-22 13:19:14.567  INFO 8136 --- [AsyncResolver-bootstrap-executor-0] c.n.d.s.r.aws.ConfigClusterResolver      : Resolving eureka endpoints via configuration
2022-04-22 13:24:14.573  INFO 8136 --- [AsyncResolver-bootstrap-executor-0] c.n.d.s.r.aws.ConfigClusterResolver      : Resolving eureka endpoints via configuration
2022-04-22 13:29:14.584  INFO 8136 --- [AsyncResolver-bootstrap-executor-0] c.n.d.s.r.aws.ConfigClusterResolver      : Resolving eureka endpoints via configuration
2022-04-22 13:34:14.598  INFO 8136 --- [AsyncResolver-bootstrap-executor-0] c.n.d.s.r.aws.ConfigClusterResolver      : Resolving eureka endpoints via configuration
2022-04-22 13:39:14.608  INFO 8136 --- [AsyncResolver-bootstrap-executor-0] c.n.d.s.r.aws.ConfigClusterResolver      : Resolving eureka endpoints via configuration
2022-04-22 13:44:14.613  INFO 8136 --- [AsyncResolver-bootstrap-executor-0] c.n.d.s.r.aws.ConfigClusterResolver      : Resolving eureka endpoints via configuration
2022-04-22 13:49:14.620  INFO 8136 --- [AsyncResolver-bootstrap-executor-0] c.n.d.s.r.aws.ConfigClusterResolver      : Resolving eureka endpoints via configuration
2022-04-22 13:54:14.627  INFO 8136 --- [AsyncResolver-bootstrap-executor-0] c.n.d.s.r.aws.ConfigClusterResolver      : Resolving eureka endpoints via configuration
2022-04-22 13:59:14.641  INFO 8136 --- [AsyncResolver-bootstrap-executor-0] c.n.d.s.r.aws.ConfigClusterResolver      : Resolving eureka endpoints via configuration
2022-04-22 14:04:14.647  INFO 8136 --- [AsyncResolver-bootstrap-executor-0] c.n.d.s.r.aws.ConfigClusterResolver      : Resolving eureka endpoints via configuration
2022-04-22 14:09:14.659  INFO 8136 --- [AsyncResolver-bootstrap-executor-0] c.n.d.s.r.aws.ConfigClusterResolver      : Resolving eureka endpoints via configuration
2022-04-22 14:14:14.672  INFO 8136 --- [AsyncResolver-bootstrap-executor-0] c.n.d.s.r.aws.ConfigClusterResolver      : Resolving eureka endpoints via configuration
2022-04-22 14:19:14.685  INFO 8136 --- [AsyncResolver-bootstrap-executor-0] c.n.d.s.r.aws.ConfigClusterResolver      : Resolving eureka endpoints via configuration
2022-04-22 14:24:14.694  INFO 8136 --- [AsyncResolver-bootstrap-executor-0] c.n.d.s.r.aws.ConfigClusterResolver      : Resolving eureka endpoints via configuration
2022-04-22 14:29:14.699  INFO 8136 --- [AsyncResolver-bootstrap-executor-0] c.n.d.s.r.aws.ConfigClusterResolver      : Resolving eureka endpoints via configuration
2022-04-22 14:34:14.701  INFO 8136 --- [AsyncResolver-bootstrap-executor-0] c.n.d.s.r.aws.ConfigClusterResolver      : Resolving eureka endpoints via configuration
2022-04-22 14:39:14.710  INFO 8136 --- [AsyncResolver-bootstrap-executor-0] c.n.d.s.r.aws.ConfigClusterResolver      : Resolving eureka endpoints via configuration
2022-04-22 14:44:14.722  INFO 8136 --- [AsyncResolver-bootstrap-executor-0] c.n.d.s.r.aws.ConfigClusterResolver      : Resolving eureka endpoints via configuration
2022-04-22 14:49:14.725  INFO 8136 --- [AsyncResolver-bootstrap-executor-0] c.n.d.s.r.aws.ConfigClusterResolver      : Resolving eureka endpoints via configuration
2022-04-22 14:54:14.741  INFO 8136 --- [AsyncResolver-bootstrap-executor-0] c.n.d.s.r.aws.ConfigClusterResolver      : Resolving eureka endpoints via configuration
2022-04-22 14:59:14.747  INFO 8136 --- [AsyncResolver-bootstrap-executor-0] c.n.d.s.r.aws.ConfigClusterResolver      : Resolving eureka endpoints via configuration
2022-04-22 15:04:14.761  INFO 8136 --- [AsyncResolver-bootstrap-executor-0] c.n.d.s.r.aws.ConfigClusterResolver      : Resolving eureka endpoints via configuration
2022-04-22 15:09:14.762  INFO 8136 --- [AsyncResolver-bootstrap-executor-0] c.n.d.s.r.aws.ConfigClusterResolver      : Resolving eureka endpoints via configuration
2022-04-22 15:14:14.765  INFO 8136 --- [AsyncResolver-bootstrap-executor-0] c.n.d.s.r.aws.ConfigClusterResolver      : Resolving eureka endpoints via configuration
2022-04-22 15:19:14.774  INFO 8136 --- [AsyncResolver-bootstrap-executor-0] c.n.d.s.r.aws.ConfigClusterResolver      : Resolving eureka endpoints via configuration
2022-04-22 15:24:14.783  INFO 8136 --- [AsyncResolver-bootstrap-executor-0] c.n.d.s.r.aws.ConfigClusterResolver      : Resolving eureka endpoints via configuration
2022-04-22 15:29:14.787  INFO 8136 --- [AsyncResolver-bootstrap-executor-0] c.n.d.s.r.aws.ConfigClusterResolver      : Resolving eureka endpoints via configuration
2022-04-22 15:34:14.792  INFO 8136 --- [AsyncResolver-bootstrap-executor-0] c.n.d.s.r.aws.ConfigClusterResolver      : Resolving eureka endpoints via configuration
2022-04-22 15:39:14.800  INFO 8136 --- [AsyncResolver-bootstrap-executor-0] c.n.d.s.r.aws.ConfigClusterResolver      : Resolving eureka endpoints via configuration
2022-04-22 15:44:14.803  INFO 8136 --- [AsyncResolver-bootstrap-executor-0] c.n.d.s.r.aws.ConfigClusterResolver      : Resolving eureka endpoints via configuration
2022-04-22 15:49:14.814  INFO 8136 --- [AsyncResolver-bootstrap-executor-0] c.n.d.s.r.aws.ConfigClusterResolver      : Resolving eureka endpoints via configuration
2022-04-22 15:54:14.818  INFO 8136 --- [AsyncResolver-bootstrap-executor-0] c.n.d.s.r.aws.ConfigClusterResolver      : Resolving eureka endpoints via configuration
2022-04-22 15:59:14.831  INFO 8136 --- [AsyncResolver-bootstrap-executor-0] c.n.d.s.r.aws.ConfigClusterResolver      : Resolving eureka endpoints via configuration
2022-04-22 16:04:14.832  INFO 8136 --- [AsyncResolver-bootstrap-executor-0] c.n.d.s.r.aws.ConfigClusterResolver      : Resolving eureka endpoints via configuration
2022-04-22 16:09:14.834  INFO 8136 --- [AsyncResolver-bootstrap-executor-0] c.n.d.s.r.aws.ConfigClusterResolver      : Resolving eureka endpoints via configuration
2022-04-22 16:14:14.845  INFO 8136 --- [AsyncResolver-bootstrap-executor-0] c.n.d.s.r.aws.ConfigClusterResolver      : Resolving eureka endpoints via configuration
2022-04-22 16:19:14.847  INFO 8136 --- [AsyncResolver-bootstrap-executor-0] c.n.d.s.r.aws.ConfigClusterResolver      : Resolving eureka endpoints via configuration
2022-04-22 16:24:14.851  INFO 8136 --- [AsyncResolver-bootstrap-executor-0] c.n.d.s.r.aws.ConfigClusterResolver      : Resolving eureka endpoints via configuration
2022-04-22 16:29:14.863  INFO 8136 --- [AsyncResolver-bootstrap-executor-0] c.n.d.s.r.aws.ConfigClusterResolver      : Resolving eureka endpoints via configuration
2022-04-22 16:34:14.878  INFO 8136 --- [AsyncResolver-bootstrap-executor-0] c.n.d.s.r.aws.ConfigClusterResolver      : Resolving eureka endpoints via configuration
2022-04-22 16:39:14.879  INFO 8136 --- [AsyncResolver-bootstrap-executor-0] c.n.d.s.r.aws.ConfigClusterResolver      : Resolving eureka endpoints via configuration
2022-04-22 16:44:14.895  INFO 8136 --- [AsyncResolver-bootstrap-executor-0] c.n.d.s.r.aws.ConfigClusterResolver      : Resolving eureka endpoints via configuration
2022-04-22 16:49:14.910  INFO 8136 --- [AsyncResolver-bootstrap-executor-0] c.n.d.s.r.aws.ConfigClusterResolver      : Resolving eureka endpoints via configuration
2022-04-22 16:54:14.919  INFO 8136 --- [AsyncResolver-bootstrap-executor-0] c.n.d.s.r.aws.ConfigClusterResolver      : Resolving eureka endpoints via configuration
2022-04-22 16:59:14.931  INFO 8136 --- [AsyncResolver-bootstrap-executor-0] c.n.d.s.r.aws.ConfigClusterResolver      : Resolving eureka endpoints via configuration
2022-04-22 17:04:14.933  INFO 8136 --- [AsyncResolver-bootstrap-executor-0] c.n.d.s.r.aws.ConfigClusterResolver      : Resolving eureka endpoints via configuration
2022-04-22 17:09:14.939  INFO 8136 --- [AsyncResolver-bootstrap-executor-0] c.n.d.s.r.aws.ConfigClusterResolver      : Resolving eureka endpoints via configuration
2022-04-22 17:14:14.955  INFO 8136 --- [AsyncResolver-bootstrap-executor-0] c.n.d.s.r.aws.ConfigClusterResolver      : Resolving eureka endpoints via configuration
2022-04-22 17:19:14.958  INFO 8136 --- [AsyncResolver-bootstrap-executor-0] c.n.d.s.r.aws.ConfigClusterResolver      : Resolving eureka endpoints via configuration
2022-04-22 17:24:14.961  INFO 8136 --- [AsyncResolver-bootstrap-executor-0] c.n.d.s.r.aws.ConfigClusterResolver      : Resolving eureka endpoints via configuration
2022-04-22 17:29:14.976  INFO 8136 --- [AsyncResolver-bootstrap-executor-0] c.n.d.s.r.aws.ConfigClusterResolver      : Resolving eureka endpoints via configuration
2022-04-22 17:34:14.992  INFO 8136 --- [AsyncResolver-bootstrap-executor-0] c.n.d.s.r.aws.ConfigClusterResolver      : Resolving eureka endpoints via configuration
2022-04-22 17:35:30.128  INFO 8136 --- [cluster-ClusterId{value='6261e29570e4312249f40749', description='null'}-jespinoza-shard-00-02.is5j4.mongodb.net:27017] org.mongodb.driver.cluster               : Exception in monitor thread while connecting to server jespinoza-shard-00-02.is5j4.mongodb.net:27017

com.mongodb.MongoSocketReadTimeoutException: Timeout while receiving message
	at com.mongodb.connection.netty.NettyStream$InboundBufferHandler.exceptionCaught(NettyStream.java:427) ~[mongodb-driver-core-4.4.2.jar:na]
	at io.netty.channel.AbstractChannelHandlerContext.invokeExceptionCaught(AbstractChannelHandlerContext.java:302) ~[netty-transport-4.1.75.Final.jar:4.1.75.Final]
	at io.netty.channel.AbstractChannelHandlerContext.invokeExceptionCaught(AbstractChannelHandlerContext.java:281) ~[netty-transport-4.1.75.Final.jar:4.1.75.Final]
	at io.netty.channel.AbstractChannelHandlerContext.fireExceptionCaught(AbstractChannelHandlerContext.java:273) ~[netty-transport-4.1.75.Final.jar:4.1.75.Final]
	at com.mongodb.connection.netty.NettyStream$ReadTimeoutTask.run(NettyStream.java:564) ~[mongodb-driver-core-4.4.2.jar:na]
	at io.netty.util.concurrent.PromiseTask.runTask(PromiseTask.java:98) ~[netty-common-4.1.75.Final.jar:4.1.75.Final]
	at io.netty.util.concurrent.ScheduledFutureTask.run(ScheduledFutureTask.java:170) ~[netty-common-4.1.75.Final.jar:4.1.75.Final]
	at io.netty.util.concurrent.AbstractEventExecutor.safeExecute(AbstractEventExecutor.java:164) ~[netty-common-4.1.75.Final.jar:4.1.75.Final]
	at io.netty.util.concurrent.SingleThreadEventExecutor.runAllTasks(SingleThreadEventExecutor.java:469) ~[netty-common-4.1.75.Final.jar:4.1.75.Final]
	at io.netty.channel.nio.NioEventLoop.run(NioEventLoop.java:503) ~[netty-transport-4.1.75.Final.jar:4.1.75.Final]
	at io.netty.util.concurrent.SingleThreadEventExecutor$4.run(SingleThreadEventExecutor.java:986) ~[netty-common-4.1.75.Final.jar:4.1.75.Final]
	at io.netty.util.internal.ThreadExecutorMap$2.run(ThreadExecutorMap.java:74) ~[netty-common-4.1.75.Final.jar:4.1.75.Final]
	at io.netty.util.concurrent.FastThreadLocalRunnable.run(FastThreadLocalRunnable.java:30) ~[netty-common-4.1.75.Final.jar:4.1.75.Final]
	at java.lang.Thread.run(Thread.java:748) [na:1.8.0_311]
Caused by: io.netty.handler.timeout.ReadTimeoutException: null

2022-04-22 17:35:34.136  INFO 8136 --- [cluster-ClusterId{value='6261e29570e4312249f40749', description='null'}-jespinoza-shard-00-02.is5j4.mongodb.net:27017] org.mongodb.driver.connection            : Opened connection [connectionId{localValue:67, serverValue:238653}] to jespinoza-shard-00-02.is5j4.mongodb.net:27017
2022-04-22 17:35:34.139  INFO 8136 --- [cluster-ClusterId{value='6261e29570e4312249f40749', description='null'}-jespinoza-shard-00-02.is5j4.mongodb.net:27017] org.mongodb.driver.cluster               : Monitor thread successfully connected to server with description ServerDescription{address=jespinoza-shard-00-02.is5j4.mongodb.net:27017, type=REPLICA_SET_PRIMARY, state=CONNECTED, ok=true, minWireVersion=0, maxWireVersion=13, maxDocumentSize=16777216, logicalSessionTimeoutMinutes=30, roundTripTimeNanos=537012700, setName='atlas-ob43re-shard-0', canonicalAddress=jespinoza-shard-00-02.is5j4.mongodb.net:27017, hosts=[jespinoza-shard-00-00.is5j4.mongodb.net:27017, jespinoza-shard-00-02.is5j4.mongodb.net:27017, jespinoza-shard-00-01.is5j4.mongodb.net:27017], passives=[], arbiters=[], primary='jespinoza-shard-00-02.is5j4.mongodb.net:27017', tagSet=TagSet{[Tag{name='nodeType', value='ELECTABLE'}, Tag{name='provider', value='AWS'}, Tag{name='region', value='SA_EAST_1'}, Tag{name='workloadType', value='OPERATIONAL'}]}, electionId=7fffffff0000000000000003, setVersion=1, topologyVersion=TopologyVersion{processId=6255b38fc0dee849605ed2e2, counter=6}, lastWriteDate=Fri Apr 22 17:35:28 COT 2022, lastUpdateTimeNanos=93143802381100}
2022-04-22 17:35:34.140  INFO 8136 --- [cluster-ClusterId{value='6261e29570e4312249f40749', description='null'}-jespinoza-shard-00-02.is5j4.mongodb.net:27017] org.mongodb.driver.cluster               : Discovered replica set primary jespinoza-shard-00-02.is5j4.mongodb.net:27017
2022-04-22 17:35:37.020  INFO 8136 --- [cluster-rtt-ClusterId{value='6261e29570e4312249f40749', description='null'}-jespinoza-shard-00-01.is5j4.mongodb.net:27017] org.mongodb.driver.connection            : Opened connection [connectionId{localValue:68, serverValue:234867}] to jespinoza-shard-00-01.is5j4.mongodb.net:27017
2022-04-22 17:39:14.995  INFO 8136 --- [AsyncResolver-bootstrap-executor-0] c.n.d.s.r.aws.ConfigClusterResolver      : Resolving eureka endpoints via configuration
2022-04-22 17:44:15.005  INFO 8136 --- [AsyncResolver-bootstrap-executor-0] c.n.d.s.r.aws.ConfigClusterResolver      : Resolving eureka endpoints via configuration
2022-04-22 17:49:15.012  INFO 8136 --- [AsyncResolver-bootstrap-executor-0] c.n.d.s.r.aws.ConfigClusterResolver      : Resolving eureka endpoints via configuration
2022-04-22 17:54:15.016  INFO 8136 --- [AsyncResolver-bootstrap-executor-0] c.n.d.s.r.aws.ConfigClusterResolver      : Resolving eureka endpoints via configuration
2022-04-22 17:59:15.028  INFO 8136 --- [AsyncResolver-bootstrap-executor-0] c.n.d.s.r.aws.ConfigClusterResolver      : Resolving eureka endpoints via configuration
2022-04-22 18:04:15.035  INFO 8136 --- [AsyncResolver-bootstrap-executor-0] c.n.d.s.r.aws.ConfigClusterResolver      : Resolving eureka endpoints via configuration
2022-04-22 18:09:15.050  INFO 8136 --- [AsyncResolver-bootstrap-executor-0] c.n.d.s.r.aws.ConfigClusterResolver      : Resolving eureka endpoints via configuration
2022-04-22 18:14:15.062  INFO 8136 --- [AsyncResolver-bootstrap-executor-0] c.n.d.s.r.aws.ConfigClusterResolver      : Resolving eureka endpoints via configuration
2022-04-22 18:19:15.071  INFO 8136 --- [AsyncResolver-bootstrap-executor-0] c.n.d.s.r.aws.ConfigClusterResolver      : Resolving eureka endpoints via configuration
2022-04-22 18:24:15.077  INFO 8136 --- [AsyncResolver-bootstrap-executor-0] c.n.d.s.r.aws.ConfigClusterResolver      : Resolving eureka endpoints via configuration
2022-04-22 18:29:15.088  INFO 8136 --- [AsyncResolver-bootstrap-executor-0] c.n.d.s.r.aws.ConfigClusterResolver      : Resolving eureka endpoints via configuration
2022-04-22 18:34:15.094  INFO 8136 --- [AsyncResolver-bootstrap-executor-0] c.n.d.s.r.aws.ConfigClusterResolver      : Resolving eureka endpoints via configuration
2022-04-22 18:39:15.101  INFO 8136 --- [AsyncResolver-bootstrap-executor-0] c.n.d.s.r.aws.ConfigClusterResolver      : Resolving eureka endpoints via configuration
2022-04-22 18:44:15.109  INFO 8136 --- [AsyncResolver-bootstrap-executor-0] c.n.d.s.r.aws.ConfigClusterResolver      : Resolving eureka endpoints via configuration
2022-04-22 18:49:15.116  INFO 8136 --- [AsyncResolver-bootstrap-executor-0] c.n.d.s.r.aws.ConfigClusterResolver      : Resolving eureka endpoints via configuration
2022-04-22 18:54:15.131  INFO 8136 --- [AsyncResolver-bootstrap-executor-0] c.n.d.s.r.aws.ConfigClusterResolver      : Resolving eureka endpoints via configuration
2022-04-22 18:59:15.142  INFO 8136 --- [AsyncResolver-bootstrap-executor-0] c.n.d.s.r.aws.ConfigClusterResolver      : Resolving eureka endpoints via configuration
2022-04-22 19:04:15.149  INFO 8136 --- [AsyncResolver-bootstrap-executor-0] c.n.d.s.r.aws.ConfigClusterResolver      : Resolving eureka endpoints via configuration
2022-04-22 19:09:15.157  INFO 8136 --- [AsyncResolver-bootstrap-executor-0] c.n.d.s.r.aws.ConfigClusterResolver      : Resolving eureka endpoints via configuration
2022-04-22 19:14:15.168  INFO 8136 --- [AsyncResolver-bootstrap-executor-0] c.n.d.s.r.aws.ConfigClusterResolver      : Resolving eureka endpoints via configuration
2022-04-22 19:19:15.183  INFO 8136 --- [AsyncResolver-bootstrap-executor-0] c.n.d.s.r.aws.ConfigClusterResolver      : Resolving eureka endpoints via configuration
2022-04-22 19:24:15.192  INFO 8136 --- [AsyncResolver-bootstrap-executor-0] c.n.d.s.r.aws.ConfigClusterResolver      : Resolving eureka endpoints via configuration
2022-04-22 19:29:15.202  INFO 8136 --- [AsyncResolver-bootstrap-executor-0] c.n.d.s.r.aws.ConfigClusterResolver      : Resolving eureka endpoints via configuration
2022-04-22 19:34:15.218  INFO 8136 --- [AsyncResolver-bootstrap-executor-0] c.n.d.s.r.aws.ConfigClusterResolver      : Resolving eureka endpoints via configuration
2022-04-22 19:39:15.224  INFO 8136 --- [AsyncResolver-bootstrap-executor-0] c.n.d.s.r.aws.ConfigClusterResolver      : Resolving eureka endpoints via configuration
2022-04-22 19:44:15.230  INFO 8136 --- [AsyncResolver-bootstrap-executor-0] c.n.d.s.r.aws.ConfigClusterResolver      : Resolving eureka endpoints via configuration
2022-04-22 19:49:15.243  INFO 8136 --- [AsyncResolver-bootstrap-executor-0] c.n.d.s.r.aws.ConfigClusterResolver      : Resolving eureka endpoints via configuration
2022-04-22 19:54:15.260  INFO 8136 --- [AsyncResolver-bootstrap-executor-0] c.n.d.s.r.aws.ConfigClusterResolver      : Resolving eureka endpoints via configuration
2022-04-22 19:59:15.272  INFO 8136 --- [AsyncResolver-bootstrap-executor-0] c.n.d.s.r.aws.ConfigClusterResolver      : Resolving eureka endpoints via configuration
2022-04-22 20:04:15.289  INFO 8136 --- [AsyncResolver-bootstrap-executor-0] c.n.d.s.r.aws.ConfigClusterResolver      : Resolving eureka endpoints via configuration
2022-04-22 20:09:15.302  INFO 8136 --- [AsyncResolver-bootstrap-executor-0] c.n.d.s.r.aws.ConfigClusterResolver      : Resolving eureka endpoints via configuration
2022-04-22 20:14:15.310  INFO 8136 --- [AsyncResolver-bootstrap-executor-0] c.n.d.s.r.aws.ConfigClusterResolver      : Resolving eureka endpoints via configuration
2022-04-22 20:19:15.318  INFO 8136 --- [AsyncResolver-bootstrap-executor-0] c.n.d.s.r.aws.ConfigClusterResolver      : Resolving eureka endpoints via configuration
2022-04-22 20:24:15.333  INFO 8136 --- [AsyncResolver-bootstrap-executor-0] c.n.d.s.r.aws.ConfigClusterResolver      : Resolving eureka endpoints via configuration
2022-04-22 20:29:15.339  INFO 8136 --- [AsyncResolver-bootstrap-executor-0] c.n.d.s.r.aws.ConfigClusterResolver      : Resolving eureka endpoints via configuration
2022-04-22 20:34:15.344  INFO 8136 --- [AsyncResolver-bootstrap-executor-0] c.n.d.s.r.aws.ConfigClusterResolver      : Resolving eureka endpoints via configuration
2022-04-22 20:39:15.357  INFO 8136 --- [AsyncResolver-bootstrap-executor-0] c.n.d.s.r.aws.ConfigClusterResolver      : Resolving eureka endpoints via configuration
2022-04-22 20:44:15.362  INFO 8136 --- [AsyncResolver-bootstrap-executor-0] c.n.d.s.r.aws.ConfigClusterResolver      : Resolving eureka endpoints via configuration
2022-04-22 20:49:15.378  INFO 8136 --- [AsyncResolver-bootstrap-executor-0] c.n.d.s.r.aws.ConfigClusterResolver      : Resolving eureka endpoints via configuration
2022-04-22 20:54:15.380  INFO 8136 --- [AsyncResolver-bootstrap-executor-0] c.n.d.s.r.aws.ConfigClusterResolver      : Resolving eureka endpoints via configuration
2022-04-22 20:59:15.387  INFO 8136 --- [AsyncResolver-bootstrap-executor-0] c.n.d.s.r.aws.ConfigClusterResolver      : Resolving eureka endpoints via configuration
2022-04-22 21:04:15.396  INFO 8136 --- [AsyncResolver-bootstrap-executor-0] c.n.d.s.r.aws.ConfigClusterResolver      : Resolving eureka endpoints via configuration
2022-04-22 21:09:15.406  INFO 8136 --- [AsyncResolver-bootstrap-executor-0] c.n.d.s.r.aws.ConfigClusterResolver      : Resolving eureka endpoints via configuration
2022-04-22 21:14:15.412  INFO 8136 --- [AsyncResolver-bootstrap-executor-0] c.n.d.s.r.aws.ConfigClusterResolver      : Resolving eureka endpoints via configuration
2022-04-22 21:19:15.417  INFO 8136 --- [AsyncResolver-bootstrap-executor-0] c.n.d.s.r.aws.ConfigClusterResolver      : Resolving eureka endpoints via configuration
2022-04-22 21:24:15.433  INFO 8136 --- [AsyncResolver-bootstrap-executor-0] c.n.d.s.r.aws.ConfigClusterResolver      : Resolving eureka endpoints via configuration
2022-04-22 21:29:15.446  INFO 8136 --- [AsyncResolver-bootstrap-executor-0] c.n.d.s.r.aws.ConfigClusterResolver      : Resolving eureka endpoints via configuration
2022-04-22 21:34:15.449  INFO 8136 --- [AsyncResolver-bootstrap-executor-0] c.n.d.s.r.aws.ConfigClusterResolver      : Resolving eureka endpoints via configuration
2022-04-22 21:39:15.463  INFO 8136 --- [AsyncResolver-bootstrap-executor-0] c.n.d.s.r.aws.ConfigClusterResolver      : Resolving eureka endpoints via configuration
2022-04-22 21:44:15.463  INFO 8136 --- [AsyncResolver-bootstrap-executor-0] c.n.d.s.r.aws.ConfigClusterResolver      : Resolving eureka endpoints via configuration
2022-04-22 21:49:15.476  INFO 8136 --- [AsyncResolver-bootstrap-executor-0] c.n.d.s.r.aws.ConfigClusterResolver      : Resolving eureka endpoints via configuration
